ARM GAS  /tmp/cczuG3rA.s 			page 1


   1              		.cpu cortex-m0
   2              		.eabi_attribute 20, 1
   3              		.eabi_attribute 21, 1
   4              		.eabi_attribute 23, 3
   5              		.eabi_attribute 24, 1
   6              		.eabi_attribute 25, 1
   7              		.eabi_attribute 26, 1
   8              		.eabi_attribute 30, 4
   9              		.eabi_attribute 34, 0
  10              		.eabi_attribute 18, 4
  11              		.file	"stm32f0xx_hal_adc_ex.c"
  12              		.text
  13              	.Ltext0:
  14              		.cfi_sections	.debug_frame
  15              		.section	.text.HAL_ADCEx_Calibration_Start,"ax",%progbits
  16              		.align	1
  17              		.global	HAL_ADCEx_Calibration_Start
  18              		.syntax unified
  19              		.code	16
  20              		.thumb_func
  21              		.fpu softvfp
  23              	HAL_ADCEx_Calibration_Start:
  24              	.LFB35:
  25              		.file 1 "Drivers/STM32F0xx_HAL_Driver/Src/stm32f0xx_hal_adc_ex.c"
   1:Drivers/STM32F0xx_HAL_Driver/Src/stm32f0xx_hal_adc_ex.c **** /**
   2:Drivers/STM32F0xx_HAL_Driver/Src/stm32f0xx_hal_adc_ex.c ****   ******************************************************************************
   3:Drivers/STM32F0xx_HAL_Driver/Src/stm32f0xx_hal_adc_ex.c ****   * @file    stm32f0xx_hal_adc_ex.c
   4:Drivers/STM32F0xx_HAL_Driver/Src/stm32f0xx_hal_adc_ex.c ****   * @author  MCD Application Team
   5:Drivers/STM32F0xx_HAL_Driver/Src/stm32f0xx_hal_adc_ex.c ****   * @brief   This file provides firmware functions to manage the following 
   6:Drivers/STM32F0xx_HAL_Driver/Src/stm32f0xx_hal_adc_ex.c ****   *          functionalities of the Analog to Digital Convertor (ADC)
   7:Drivers/STM32F0xx_HAL_Driver/Src/stm32f0xx_hal_adc_ex.c ****   *          peripheral:
   8:Drivers/STM32F0xx_HAL_Driver/Src/stm32f0xx_hal_adc_ex.c ****   *           + Operation functions
   9:Drivers/STM32F0xx_HAL_Driver/Src/stm32f0xx_hal_adc_ex.c ****   *             ++ Calibration (ADC automatic self-calibration)
  10:Drivers/STM32F0xx_HAL_Driver/Src/stm32f0xx_hal_adc_ex.c ****   *          Other functions (generic functions) are available in file 
  11:Drivers/STM32F0xx_HAL_Driver/Src/stm32f0xx_hal_adc_ex.c ****   *          "stm32f0xx_hal_adc.c".
  12:Drivers/STM32F0xx_HAL_Driver/Src/stm32f0xx_hal_adc_ex.c ****   *
  13:Drivers/STM32F0xx_HAL_Driver/Src/stm32f0xx_hal_adc_ex.c ****   @verbatim
  14:Drivers/STM32F0xx_HAL_Driver/Src/stm32f0xx_hal_adc_ex.c ****   [..] 
  15:Drivers/STM32F0xx_HAL_Driver/Src/stm32f0xx_hal_adc_ex.c ****   (@) Sections "ADC peripheral features" and "How to use this driver" are
  16:Drivers/STM32F0xx_HAL_Driver/Src/stm32f0xx_hal_adc_ex.c ****       available in file of generic functions "stm32l1xx_hal_adc.c".
  17:Drivers/STM32F0xx_HAL_Driver/Src/stm32f0xx_hal_adc_ex.c ****   [..]
  18:Drivers/STM32F0xx_HAL_Driver/Src/stm32f0xx_hal_adc_ex.c ****   @endverbatim
  19:Drivers/STM32F0xx_HAL_Driver/Src/stm32f0xx_hal_adc_ex.c ****   ******************************************************************************
  20:Drivers/STM32F0xx_HAL_Driver/Src/stm32f0xx_hal_adc_ex.c ****   * @attention
  21:Drivers/STM32F0xx_HAL_Driver/Src/stm32f0xx_hal_adc_ex.c ****   *
  22:Drivers/STM32F0xx_HAL_Driver/Src/stm32f0xx_hal_adc_ex.c ****   * <h2><center>&copy; COPYRIGHT(c) 2016 STMicroelectronics</center></h2>
  23:Drivers/STM32F0xx_HAL_Driver/Src/stm32f0xx_hal_adc_ex.c ****   *
  24:Drivers/STM32F0xx_HAL_Driver/Src/stm32f0xx_hal_adc_ex.c ****   * Redistribution and use in source and binary forms, with or without modification,
  25:Drivers/STM32F0xx_HAL_Driver/Src/stm32f0xx_hal_adc_ex.c ****   * are permitted provided that the following conditions are met:
  26:Drivers/STM32F0xx_HAL_Driver/Src/stm32f0xx_hal_adc_ex.c ****   *   1. Redistributions of source code must retain the above copyright notice,
  27:Drivers/STM32F0xx_HAL_Driver/Src/stm32f0xx_hal_adc_ex.c ****   *      this list of conditions and the following disclaimer.
  28:Drivers/STM32F0xx_HAL_Driver/Src/stm32f0xx_hal_adc_ex.c ****   *   2. Redistributions in binary form must reproduce the above copyright notice,
  29:Drivers/STM32F0xx_HAL_Driver/Src/stm32f0xx_hal_adc_ex.c ****   *      this list of conditions and the following disclaimer in the documentation
  30:Drivers/STM32F0xx_HAL_Driver/Src/stm32f0xx_hal_adc_ex.c ****   *      and/or other materials provided with the distribution.
  31:Drivers/STM32F0xx_HAL_Driver/Src/stm32f0xx_hal_adc_ex.c ****   *   3. Neither the name of STMicroelectronics nor the names of its contributors
  32:Drivers/STM32F0xx_HAL_Driver/Src/stm32f0xx_hal_adc_ex.c ****   *      may be used to endorse or promote products derived from this software
  33:Drivers/STM32F0xx_HAL_Driver/Src/stm32f0xx_hal_adc_ex.c ****   *      without specific prior written permission.
ARM GAS  /tmp/cczuG3rA.s 			page 2


  34:Drivers/STM32F0xx_HAL_Driver/Src/stm32f0xx_hal_adc_ex.c ****   *
  35:Drivers/STM32F0xx_HAL_Driver/Src/stm32f0xx_hal_adc_ex.c ****   * THIS SOFTWARE IS PROVIDED BY THE COPYRIGHT HOLDERS AND CONTRIBUTORS "AS IS"
  36:Drivers/STM32F0xx_HAL_Driver/Src/stm32f0xx_hal_adc_ex.c ****   * AND ANY EXPRESS OR IMPLIED WARRANTIES, INCLUDING, BUT NOT LIMITED TO, THE
  37:Drivers/STM32F0xx_HAL_Driver/Src/stm32f0xx_hal_adc_ex.c ****   * IMPLIED WARRANTIES OF MERCHANTABILITY AND FITNESS FOR A PARTICULAR PURPOSE ARE
  38:Drivers/STM32F0xx_HAL_Driver/Src/stm32f0xx_hal_adc_ex.c ****   * DISCLAIMED. IN NO EVENT SHALL THE COPYRIGHT HOLDER OR CONTRIBUTORS BE LIABLE
  39:Drivers/STM32F0xx_HAL_Driver/Src/stm32f0xx_hal_adc_ex.c ****   * FOR ANY DIRECT, INDIRECT, INCIDENTAL, SPECIAL, EXEMPLARY, OR CONSEQUENTIAL
  40:Drivers/STM32F0xx_HAL_Driver/Src/stm32f0xx_hal_adc_ex.c ****   * DAMAGES (INCLUDING, BUT NOT LIMITED TO, PROCUREMENT OF SUBSTITUTE GOODS OR
  41:Drivers/STM32F0xx_HAL_Driver/Src/stm32f0xx_hal_adc_ex.c ****   * SERVICES; LOSS OF USE, DATA, OR PROFITS; OR BUSINESS INTERRUPTION) HOWEVER
  42:Drivers/STM32F0xx_HAL_Driver/Src/stm32f0xx_hal_adc_ex.c ****   * CAUSED AND ON ANY THEORY OF LIABILITY, WHETHER IN CONTRACT, STRICT LIABILITY,
  43:Drivers/STM32F0xx_HAL_Driver/Src/stm32f0xx_hal_adc_ex.c ****   * OR TORT (INCLUDING NEGLIGENCE OR OTHERWISE) ARISING IN ANY WAY OUT OF THE USE
  44:Drivers/STM32F0xx_HAL_Driver/Src/stm32f0xx_hal_adc_ex.c ****   * OF THIS SOFTWARE, EVEN IF ADVISED OF THE POSSIBILITY OF SUCH DAMAGE.
  45:Drivers/STM32F0xx_HAL_Driver/Src/stm32f0xx_hal_adc_ex.c ****   *
  46:Drivers/STM32F0xx_HAL_Driver/Src/stm32f0xx_hal_adc_ex.c ****   ******************************************************************************  
  47:Drivers/STM32F0xx_HAL_Driver/Src/stm32f0xx_hal_adc_ex.c ****   */
  48:Drivers/STM32F0xx_HAL_Driver/Src/stm32f0xx_hal_adc_ex.c **** 
  49:Drivers/STM32F0xx_HAL_Driver/Src/stm32f0xx_hal_adc_ex.c **** /* Includes ------------------------------------------------------------------*/
  50:Drivers/STM32F0xx_HAL_Driver/Src/stm32f0xx_hal_adc_ex.c **** #include "stm32f0xx_hal.h"
  51:Drivers/STM32F0xx_HAL_Driver/Src/stm32f0xx_hal_adc_ex.c **** 
  52:Drivers/STM32F0xx_HAL_Driver/Src/stm32f0xx_hal_adc_ex.c **** /** @addtogroup STM32F0xx_HAL_Driver
  53:Drivers/STM32F0xx_HAL_Driver/Src/stm32f0xx_hal_adc_ex.c ****   * @{
  54:Drivers/STM32F0xx_HAL_Driver/Src/stm32f0xx_hal_adc_ex.c ****   */
  55:Drivers/STM32F0xx_HAL_Driver/Src/stm32f0xx_hal_adc_ex.c **** 
  56:Drivers/STM32F0xx_HAL_Driver/Src/stm32f0xx_hal_adc_ex.c **** /** @defgroup ADCEx ADCEx
  57:Drivers/STM32F0xx_HAL_Driver/Src/stm32f0xx_hal_adc_ex.c ****   * @brief ADC HAL module driver
  58:Drivers/STM32F0xx_HAL_Driver/Src/stm32f0xx_hal_adc_ex.c ****   * @{
  59:Drivers/STM32F0xx_HAL_Driver/Src/stm32f0xx_hal_adc_ex.c ****   */
  60:Drivers/STM32F0xx_HAL_Driver/Src/stm32f0xx_hal_adc_ex.c **** 
  61:Drivers/STM32F0xx_HAL_Driver/Src/stm32f0xx_hal_adc_ex.c **** #ifdef HAL_ADC_MODULE_ENABLED
  62:Drivers/STM32F0xx_HAL_Driver/Src/stm32f0xx_hal_adc_ex.c **** 
  63:Drivers/STM32F0xx_HAL_Driver/Src/stm32f0xx_hal_adc_ex.c **** /* Private typedef -----------------------------------------------------------*/
  64:Drivers/STM32F0xx_HAL_Driver/Src/stm32f0xx_hal_adc_ex.c **** /* Private define ------------------------------------------------------------*/
  65:Drivers/STM32F0xx_HAL_Driver/Src/stm32f0xx_hal_adc_ex.c **** /** @defgroup ADCEx_Private_Constants ADCEx Private Constants
  66:Drivers/STM32F0xx_HAL_Driver/Src/stm32f0xx_hal_adc_ex.c ****   * @{
  67:Drivers/STM32F0xx_HAL_Driver/Src/stm32f0xx_hal_adc_ex.c ****   */ 
  68:Drivers/STM32F0xx_HAL_Driver/Src/stm32f0xx_hal_adc_ex.c ****  
  69:Drivers/STM32F0xx_HAL_Driver/Src/stm32f0xx_hal_adc_ex.c **** /* Fixed timeout values for ADC calibration, enable settling time, disable  */
  70:Drivers/STM32F0xx_HAL_Driver/Src/stm32f0xx_hal_adc_ex.c ****   /* settling time.                                                           */
  71:Drivers/STM32F0xx_HAL_Driver/Src/stm32f0xx_hal_adc_ex.c ****   /* Values defined to be higher than worst cases: low clock frequency,       */
  72:Drivers/STM32F0xx_HAL_Driver/Src/stm32f0xx_hal_adc_ex.c ****   /* maximum prescaler.                                                       */
  73:Drivers/STM32F0xx_HAL_Driver/Src/stm32f0xx_hal_adc_ex.c ****   /* Ex of profile low frequency : Clock source at 0.1 MHz, ADC clock         */
  74:Drivers/STM32F0xx_HAL_Driver/Src/stm32f0xx_hal_adc_ex.c ****   /* prescaler 4.                                                             */
  75:Drivers/STM32F0xx_HAL_Driver/Src/stm32f0xx_hal_adc_ex.c ****   /* Unit: ms                                                                 */
  76:Drivers/STM32F0xx_HAL_Driver/Src/stm32f0xx_hal_adc_ex.c ****   #define ADC_DISABLE_TIMEOUT           2
  77:Drivers/STM32F0xx_HAL_Driver/Src/stm32f0xx_hal_adc_ex.c ****   #define ADC_CALIBRATION_TIMEOUT       2U      
  78:Drivers/STM32F0xx_HAL_Driver/Src/stm32f0xx_hal_adc_ex.c **** /**
  79:Drivers/STM32F0xx_HAL_Driver/Src/stm32f0xx_hal_adc_ex.c ****   * @}
  80:Drivers/STM32F0xx_HAL_Driver/Src/stm32f0xx_hal_adc_ex.c ****   */
  81:Drivers/STM32F0xx_HAL_Driver/Src/stm32f0xx_hal_adc_ex.c **** 
  82:Drivers/STM32F0xx_HAL_Driver/Src/stm32f0xx_hal_adc_ex.c **** /* Private macros -------------------------------------------------------------*/
  83:Drivers/STM32F0xx_HAL_Driver/Src/stm32f0xx_hal_adc_ex.c **** /* Private variables ---------------------------------------------------------*/
  84:Drivers/STM32F0xx_HAL_Driver/Src/stm32f0xx_hal_adc_ex.c **** /* Private function prototypes -----------------------------------------------*/
  85:Drivers/STM32F0xx_HAL_Driver/Src/stm32f0xx_hal_adc_ex.c **** /* Private functions ---------------------------------------------------------*/
  86:Drivers/STM32F0xx_HAL_Driver/Src/stm32f0xx_hal_adc_ex.c **** 
  87:Drivers/STM32F0xx_HAL_Driver/Src/stm32f0xx_hal_adc_ex.c **** /** @defgroup ADCEx_Exported_Functions ADCEx Exported Functions
  88:Drivers/STM32F0xx_HAL_Driver/Src/stm32f0xx_hal_adc_ex.c ****   * @{
  89:Drivers/STM32F0xx_HAL_Driver/Src/stm32f0xx_hal_adc_ex.c ****   */
  90:Drivers/STM32F0xx_HAL_Driver/Src/stm32f0xx_hal_adc_ex.c **** 
ARM GAS  /tmp/cczuG3rA.s 			page 3


  91:Drivers/STM32F0xx_HAL_Driver/Src/stm32f0xx_hal_adc_ex.c **** /** @defgroup ADCEx_Exported_Functions_Group1 Extended Initialization/de-initialization functions 
  92:Drivers/STM32F0xx_HAL_Driver/Src/stm32f0xx_hal_adc_ex.c ****  *  @brief    Extended Initialization and Configuration functions
  93:Drivers/STM32F0xx_HAL_Driver/Src/stm32f0xx_hal_adc_ex.c ****  *
  94:Drivers/STM32F0xx_HAL_Driver/Src/stm32f0xx_hal_adc_ex.c **** @verbatim
  95:Drivers/STM32F0xx_HAL_Driver/Src/stm32f0xx_hal_adc_ex.c ****  ===============================================================================
  96:Drivers/STM32F0xx_HAL_Driver/Src/stm32f0xx_hal_adc_ex.c ****                       ##### IO operation functions #####
  97:Drivers/STM32F0xx_HAL_Driver/Src/stm32f0xx_hal_adc_ex.c ****  ===============================================================================
  98:Drivers/STM32F0xx_HAL_Driver/Src/stm32f0xx_hal_adc_ex.c ****     [..]  This section provides functions allowing to:
  99:Drivers/STM32F0xx_HAL_Driver/Src/stm32f0xx_hal_adc_ex.c ****       (+) Perform the ADC calibration. 
 100:Drivers/STM32F0xx_HAL_Driver/Src/stm32f0xx_hal_adc_ex.c **** @endverbatim
 101:Drivers/STM32F0xx_HAL_Driver/Src/stm32f0xx_hal_adc_ex.c ****   * @{
 102:Drivers/STM32F0xx_HAL_Driver/Src/stm32f0xx_hal_adc_ex.c ****   */
 103:Drivers/STM32F0xx_HAL_Driver/Src/stm32f0xx_hal_adc_ex.c **** 
 104:Drivers/STM32F0xx_HAL_Driver/Src/stm32f0xx_hal_adc_ex.c **** /**
 105:Drivers/STM32F0xx_HAL_Driver/Src/stm32f0xx_hal_adc_ex.c ****   * @brief  Perform an ADC automatic self-calibration
 106:Drivers/STM32F0xx_HAL_Driver/Src/stm32f0xx_hal_adc_ex.c ****   *         Calibration prerequisite: ADC must be disabled (execute this
 107:Drivers/STM32F0xx_HAL_Driver/Src/stm32f0xx_hal_adc_ex.c ****   *         function before HAL_ADC_Start() or after HAL_ADC_Stop() ).
 108:Drivers/STM32F0xx_HAL_Driver/Src/stm32f0xx_hal_adc_ex.c ****   * @note   Calibration factor can be read after calibration, using function
 109:Drivers/STM32F0xx_HAL_Driver/Src/stm32f0xx_hal_adc_ex.c ****   *         HAL_ADC_GetValue() (value on 7 bits: from DR[6;0]).
 110:Drivers/STM32F0xx_HAL_Driver/Src/stm32f0xx_hal_adc_ex.c ****   * @param  hadc ADC handle
 111:Drivers/STM32F0xx_HAL_Driver/Src/stm32f0xx_hal_adc_ex.c ****   * @retval HAL status
 112:Drivers/STM32F0xx_HAL_Driver/Src/stm32f0xx_hal_adc_ex.c ****   */
 113:Drivers/STM32F0xx_HAL_Driver/Src/stm32f0xx_hal_adc_ex.c **** HAL_StatusTypeDef HAL_ADCEx_Calibration_Start(ADC_HandleTypeDef* hadc)
 114:Drivers/STM32F0xx_HAL_Driver/Src/stm32f0xx_hal_adc_ex.c **** {
  26              		.loc 1 114 0
  27              		.cfi_startproc
  28              		@ args = 0, pretend = 0, frame = 0
  29              		@ frame_needed = 0, uses_anonymous_args = 0
  30              	.LVL0:
  31 0000 F8B5     		push	{r3, r4, r5, r6, r7, lr}
  32              	.LCFI0:
  33              		.cfi_def_cfa_offset 24
  34              		.cfi_offset 3, -24
  35              		.cfi_offset 4, -20
  36              		.cfi_offset 5, -16
  37              		.cfi_offset 6, -12
  38              		.cfi_offset 7, -8
  39              		.cfi_offset 14, -4
 115:Drivers/STM32F0xx_HAL_Driver/Src/stm32f0xx_hal_adc_ex.c ****   HAL_StatusTypeDef tmp_hal_status = HAL_OK;
 116:Drivers/STM32F0xx_HAL_Driver/Src/stm32f0xx_hal_adc_ex.c ****   uint32_t tickstart = 0U;
 117:Drivers/STM32F0xx_HAL_Driver/Src/stm32f0xx_hal_adc_ex.c ****   uint32_t backup_setting_adc_dma_transfer = 0; /* Note: Variable not declared as volatile because 
 118:Drivers/STM32F0xx_HAL_Driver/Src/stm32f0xx_hal_adc_ex.c ****   
 119:Drivers/STM32F0xx_HAL_Driver/Src/stm32f0xx_hal_adc_ex.c ****   /* Check the parameters */
 120:Drivers/STM32F0xx_HAL_Driver/Src/stm32f0xx_hal_adc_ex.c ****   assert_param(IS_ADC_ALL_INSTANCE(hadc->Instance));
 121:Drivers/STM32F0xx_HAL_Driver/Src/stm32f0xx_hal_adc_ex.c **** 
 122:Drivers/STM32F0xx_HAL_Driver/Src/stm32f0xx_hal_adc_ex.c ****   /* Process locked */
 123:Drivers/STM32F0xx_HAL_Driver/Src/stm32f0xx_hal_adc_ex.c ****   __HAL_LOCK(hadc);
  40              		.loc 1 123 0
  41 0002 0600     		movs	r6, r0
  42 0004 4036     		adds	r6, r6, #64
  43 0006 3378     		ldrb	r3, [r6]
 114:Drivers/STM32F0xx_HAL_Driver/Src/stm32f0xx_hal_adc_ex.c ****   HAL_StatusTypeDef tmp_hal_status = HAL_OK;
  44              		.loc 1 114 0
  45 0008 0400     		movs	r4, r0
  46              		.loc 1 123 0
  47 000a 0220     		movs	r0, #2
  48              	.LVL1:
ARM GAS  /tmp/cczuG3rA.s 			page 4


  49 000c 012B     		cmp	r3, #1
  50 000e 42D0     		beq	.L9
  51              		.loc 1 123 0 is_stmt 0 discriminator 2
  52 0010 0123     		movs	r3, #1
 124:Drivers/STM32F0xx_HAL_Driver/Src/stm32f0xx_hal_adc_ex.c ****   
 125:Drivers/STM32F0xx_HAL_Driver/Src/stm32f0xx_hal_adc_ex.c ****   /* Calibration prerequisite: ADC must be disabled. */
 126:Drivers/STM32F0xx_HAL_Driver/Src/stm32f0xx_hal_adc_ex.c ****   if (ADC_IS_ENABLE(hadc) == RESET)
  53              		.loc 1 126 0 is_stmt 1 discriminator 2
  54 0012 0321     		movs	r1, #3
 123:Drivers/STM32F0xx_HAL_Driver/Src/stm32f0xx_hal_adc_ex.c ****   
  55              		.loc 1 123 0 discriminator 2
  56 0014 3370     		strb	r3, [r6]
  57              		.loc 1 126 0 discriminator 2
  58 0016 2368     		ldr	r3, [r4]
  59 0018 9A68     		ldr	r2, [r3, #8]
  60 001a 0A40     		ands	r2, r1
  61 001c 012A     		cmp	r2, #1
  62 001e 05D1     		bne	.L3
  63              		.loc 1 126 0 is_stmt 0 discriminator 1
  64 0020 1968     		ldr	r1, [r3]
  65 0022 1142     		tst	r1, r2
  66 0024 38D1     		bne	.L4
  67              		.loc 1 126 0 discriminator 4
  68 0026 DA68     		ldr	r2, [r3, #12]
  69 0028 1204     		lsls	r2, r2, #16
  70 002a 35D4     		bmi	.L4
  71              	.L3:
 127:Drivers/STM32F0xx_HAL_Driver/Src/stm32f0xx_hal_adc_ex.c ****   {
 128:Drivers/STM32F0xx_HAL_Driver/Src/stm32f0xx_hal_adc_ex.c ****     /* Set ADC state */
 129:Drivers/STM32F0xx_HAL_Driver/Src/stm32f0xx_hal_adc_ex.c ****     ADC_STATE_CLR_SET(hadc->State, 
  72              		.loc 1 129 0 is_stmt 1
  73 002c 626C     		ldr	r2, [r4, #68]
  74 002e 1D49     		ldr	r1, .L12
  75 0030 1140     		ands	r1, r2
  76 0032 0222     		movs	r2, #2
  77 0034 0A43     		orrs	r2, r1
 130:Drivers/STM32F0xx_HAL_Driver/Src/stm32f0xx_hal_adc_ex.c ****                       HAL_ADC_STATE_REG_BUSY,
 131:Drivers/STM32F0xx_HAL_Driver/Src/stm32f0xx_hal_adc_ex.c ****                       HAL_ADC_STATE_BUSY_INTERNAL);
 132:Drivers/STM32F0xx_HAL_Driver/Src/stm32f0xx_hal_adc_ex.c ****     
 133:Drivers/STM32F0xx_HAL_Driver/Src/stm32f0xx_hal_adc_ex.c ****     /* Disable ADC DMA transfer request during calibration */
 134:Drivers/STM32F0xx_HAL_Driver/Src/stm32f0xx_hal_adc_ex.c ****     /* Note: Specificity of this STM32 serie: Calibration factor is           */
 135:Drivers/STM32F0xx_HAL_Driver/Src/stm32f0xx_hal_adc_ex.c ****     /*       available in data register and also transfered by DMA.           */
 136:Drivers/STM32F0xx_HAL_Driver/Src/stm32f0xx_hal_adc_ex.c ****     /*       To not insert ADC calibration factor among ADC conversion data   */
 137:Drivers/STM32F0xx_HAL_Driver/Src/stm32f0xx_hal_adc_ex.c ****     /*       in array variable, DMA transfer must be disabled during          */
 138:Drivers/STM32F0xx_HAL_Driver/Src/stm32f0xx_hal_adc_ex.c ****     /*       calibration.                                                     */
 139:Drivers/STM32F0xx_HAL_Driver/Src/stm32f0xx_hal_adc_ex.c ****     backup_setting_adc_dma_transfer = READ_BIT(hadc->Instance->CFGR1, ADC_CFGR1_DMAEN | ADC_CFGR1_D
 140:Drivers/STM32F0xx_HAL_Driver/Src/stm32f0xx_hal_adc_ex.c ****     CLEAR_BIT(hadc->Instance->CFGR1, ADC_CFGR1_DMAEN | ADC_CFGR1_DMACFG);
  78              		.loc 1 140 0
  79 0036 0321     		movs	r1, #3
 129:Drivers/STM32F0xx_HAL_Driver/Src/stm32f0xx_hal_adc_ex.c ****                       HAL_ADC_STATE_REG_BUSY,
  80              		.loc 1 129 0
  81 0038 6264     		str	r2, [r4, #68]
 139:Drivers/STM32F0xx_HAL_Driver/Src/stm32f0xx_hal_adc_ex.c ****     CLEAR_BIT(hadc->Instance->CFGR1, ADC_CFGR1_DMAEN | ADC_CFGR1_DMACFG);
  82              		.loc 1 139 0
  83 003a DD68     		ldr	r5, [r3, #12]
  84              	.LVL2:
  85              		.loc 1 140 0
ARM GAS  /tmp/cczuG3rA.s 			page 5


  86 003c DA68     		ldr	r2, [r3, #12]
  87 003e 8A43     		bics	r2, r1
  88 0040 DA60     		str	r2, [r3, #12]
 141:Drivers/STM32F0xx_HAL_Driver/Src/stm32f0xx_hal_adc_ex.c **** 
 142:Drivers/STM32F0xx_HAL_Driver/Src/stm32f0xx_hal_adc_ex.c ****     /* Start ADC calibration */
 143:Drivers/STM32F0xx_HAL_Driver/Src/stm32f0xx_hal_adc_ex.c ****     hadc->Instance->CR |= ADC_CR_ADCAL;
  89              		.loc 1 143 0
  90 0042 8022     		movs	r2, #128
  91 0044 9968     		ldr	r1, [r3, #8]
  92 0046 1206     		lsls	r2, r2, #24
  93 0048 0A43     		orrs	r2, r1
  94 004a 9A60     		str	r2, [r3, #8]
 144:Drivers/STM32F0xx_HAL_Driver/Src/stm32f0xx_hal_adc_ex.c **** 
 145:Drivers/STM32F0xx_HAL_Driver/Src/stm32f0xx_hal_adc_ex.c ****     tickstart = HAL_GetTick();  
  95              		.loc 1 145 0
  96 004c FFF7FEFF 		bl	HAL_GetTick
  97              	.LVL3:
  98 0050 0700     		movs	r7, r0
  99              	.LVL4:
 100              	.L5:
 146:Drivers/STM32F0xx_HAL_Driver/Src/stm32f0xx_hal_adc_ex.c **** 
 147:Drivers/STM32F0xx_HAL_Driver/Src/stm32f0xx_hal_adc_ex.c ****     /* Wait for calibration completion */
 148:Drivers/STM32F0xx_HAL_Driver/Src/stm32f0xx_hal_adc_ex.c ****     while(HAL_IS_BIT_SET(hadc->Instance->CR, ADC_CR_ADCAL))
 101              		.loc 1 148 0
 102 0052 2368     		ldr	r3, [r4]
 103 0054 9A68     		ldr	r2, [r3, #8]
 104 0056 002A     		cmp	r2, #0
 105 0058 0EDB     		blt	.L6
 139:Drivers/STM32F0xx_HAL_Driver/Src/stm32f0xx_hal_adc_ex.c ****     CLEAR_BIT(hadc->Instance->CFGR1, ADC_CFGR1_DMAEN | ADC_CFGR1_DMACFG);
 106              		.loc 1 139 0
 107 005a 0322     		movs	r2, #3
 149:Drivers/STM32F0xx_HAL_Driver/Src/stm32f0xx_hal_adc_ex.c ****     {
 150:Drivers/STM32F0xx_HAL_Driver/Src/stm32f0xx_hal_adc_ex.c ****       if((HAL_GetTick() - tickstart) > ADC_CALIBRATION_TIMEOUT)
 151:Drivers/STM32F0xx_HAL_Driver/Src/stm32f0xx_hal_adc_ex.c ****       {
 152:Drivers/STM32F0xx_HAL_Driver/Src/stm32f0xx_hal_adc_ex.c ****         /* Update ADC state machine to error */
 153:Drivers/STM32F0xx_HAL_Driver/Src/stm32f0xx_hal_adc_ex.c ****         ADC_STATE_CLR_SET(hadc->State,
 154:Drivers/STM32F0xx_HAL_Driver/Src/stm32f0xx_hal_adc_ex.c ****                           HAL_ADC_STATE_BUSY_INTERNAL,
 155:Drivers/STM32F0xx_HAL_Driver/Src/stm32f0xx_hal_adc_ex.c ****                           HAL_ADC_STATE_ERROR_INTERNAL);
 156:Drivers/STM32F0xx_HAL_Driver/Src/stm32f0xx_hal_adc_ex.c ****         
 157:Drivers/STM32F0xx_HAL_Driver/Src/stm32f0xx_hal_adc_ex.c ****         /* Process unlocked */
 158:Drivers/STM32F0xx_HAL_Driver/Src/stm32f0xx_hal_adc_ex.c ****         __HAL_UNLOCK(hadc);
 159:Drivers/STM32F0xx_HAL_Driver/Src/stm32f0xx_hal_adc_ex.c ****         
 160:Drivers/STM32F0xx_HAL_Driver/Src/stm32f0xx_hal_adc_ex.c ****         return HAL_ERROR;
 161:Drivers/STM32F0xx_HAL_Driver/Src/stm32f0xx_hal_adc_ex.c ****       }
 162:Drivers/STM32F0xx_HAL_Driver/Src/stm32f0xx_hal_adc_ex.c ****     }
 163:Drivers/STM32F0xx_HAL_Driver/Src/stm32f0xx_hal_adc_ex.c ****     
 164:Drivers/STM32F0xx_HAL_Driver/Src/stm32f0xx_hal_adc_ex.c ****     /* Restore ADC DMA transfer request after calibration */
 165:Drivers/STM32F0xx_HAL_Driver/Src/stm32f0xx_hal_adc_ex.c ****     SET_BIT(hadc->Instance->CFGR1, backup_setting_adc_dma_transfer);
 108              		.loc 1 165 0
 109 005c D968     		ldr	r1, [r3, #12]
 139:Drivers/STM32F0xx_HAL_Driver/Src/stm32f0xx_hal_adc_ex.c ****     CLEAR_BIT(hadc->Instance->CFGR1, ADC_CFGR1_DMAEN | ADC_CFGR1_DMACFG);
 110              		.loc 1 139 0
 111 005e 1540     		ands	r5, r2
 112              	.LVL5:
 113              		.loc 1 165 0
 114 0060 0D43     		orrs	r5, r1
 115 0062 DD60     		str	r5, [r3, #12]
ARM GAS  /tmp/cczuG3rA.s 			page 6


 166:Drivers/STM32F0xx_HAL_Driver/Src/stm32f0xx_hal_adc_ex.c **** 
 167:Drivers/STM32F0xx_HAL_Driver/Src/stm32f0xx_hal_adc_ex.c ****     /* Set ADC state */
 168:Drivers/STM32F0xx_HAL_Driver/Src/stm32f0xx_hal_adc_ex.c ****     ADC_STATE_CLR_SET(hadc->State,
 116              		.loc 1 168 0
 117 0064 636C     		ldr	r3, [r4, #68]
 115:Drivers/STM32F0xx_HAL_Driver/Src/stm32f0xx_hal_adc_ex.c ****   uint32_t tickstart = 0U;
 118              		.loc 1 115 0
 119 0066 0020     		movs	r0, #0
 120              		.loc 1 168 0
 121 0068 9343     		bics	r3, r2
 122 006a 1A00     		movs	r2, r3
 123 006c 0123     		movs	r3, #1
 124 006e 1343     		orrs	r3, r2
 125 0070 6364     		str	r3, [r4, #68]
 126              	.LVL6:
 127              	.L7:
 169:Drivers/STM32F0xx_HAL_Driver/Src/stm32f0xx_hal_adc_ex.c ****                       HAL_ADC_STATE_BUSY_INTERNAL,
 170:Drivers/STM32F0xx_HAL_Driver/Src/stm32f0xx_hal_adc_ex.c ****                       HAL_ADC_STATE_READY);
 171:Drivers/STM32F0xx_HAL_Driver/Src/stm32f0xx_hal_adc_ex.c ****   }
 172:Drivers/STM32F0xx_HAL_Driver/Src/stm32f0xx_hal_adc_ex.c ****   else
 173:Drivers/STM32F0xx_HAL_Driver/Src/stm32f0xx_hal_adc_ex.c ****   {
 174:Drivers/STM32F0xx_HAL_Driver/Src/stm32f0xx_hal_adc_ex.c ****     /* Update ADC state machine to error */
 175:Drivers/STM32F0xx_HAL_Driver/Src/stm32f0xx_hal_adc_ex.c ****     SET_BIT(hadc->State, HAL_ADC_STATE_ERROR_CONFIG);
 176:Drivers/STM32F0xx_HAL_Driver/Src/stm32f0xx_hal_adc_ex.c ****     
 177:Drivers/STM32F0xx_HAL_Driver/Src/stm32f0xx_hal_adc_ex.c ****     tmp_hal_status = HAL_ERROR;
 178:Drivers/STM32F0xx_HAL_Driver/Src/stm32f0xx_hal_adc_ex.c ****   }
 179:Drivers/STM32F0xx_HAL_Driver/Src/stm32f0xx_hal_adc_ex.c ****   
 180:Drivers/STM32F0xx_HAL_Driver/Src/stm32f0xx_hal_adc_ex.c ****   /* Process unlocked */
 181:Drivers/STM32F0xx_HAL_Driver/Src/stm32f0xx_hal_adc_ex.c ****   __HAL_UNLOCK(hadc);
 128              		.loc 1 181 0
 129 0072 0023     		movs	r3, #0
 130 0074 3370     		strb	r3, [r6]
 182:Drivers/STM32F0xx_HAL_Driver/Src/stm32f0xx_hal_adc_ex.c ****   
 183:Drivers/STM32F0xx_HAL_Driver/Src/stm32f0xx_hal_adc_ex.c ****   /* Return function status */
 184:Drivers/STM32F0xx_HAL_Driver/Src/stm32f0xx_hal_adc_ex.c ****   return tmp_hal_status;
 131              		.loc 1 184 0
 132 0076 0EE0     		b	.L9
 133              	.LVL7:
 134              	.L6:
 150:Drivers/STM32F0xx_HAL_Driver/Src/stm32f0xx_hal_adc_ex.c ****       {
 135              		.loc 1 150 0
 136 0078 FFF7FEFF 		bl	HAL_GetTick
 137              	.LVL8:
 138 007c C01B     		subs	r0, r0, r7
 139 007e 0228     		cmp	r0, #2
 140 0080 E7D9     		bls	.L5
 153:Drivers/STM32F0xx_HAL_Driver/Src/stm32f0xx_hal_adc_ex.c ****                           HAL_ADC_STATE_BUSY_INTERNAL,
 141              		.loc 1 153 0
 142 0082 1222     		movs	r2, #18
 143 0084 636C     		ldr	r3, [r4, #68]
 160:Drivers/STM32F0xx_HAL_Driver/Src/stm32f0xx_hal_adc_ex.c ****       }
 144              		.loc 1 160 0
 145 0086 0120     		movs	r0, #1
 153:Drivers/STM32F0xx_HAL_Driver/Src/stm32f0xx_hal_adc_ex.c ****                           HAL_ADC_STATE_BUSY_INTERNAL,
 146              		.loc 1 153 0
 147 0088 9343     		bics	r3, r2
 148 008a 1A00     		movs	r2, r3
ARM GAS  /tmp/cczuG3rA.s 			page 7


 149 008c 1023     		movs	r3, #16
 150 008e 1343     		orrs	r3, r2
 151 0090 6364     		str	r3, [r4, #68]
 158:Drivers/STM32F0xx_HAL_Driver/Src/stm32f0xx_hal_adc_ex.c ****         
 152              		.loc 1 158 0
 153 0092 0023     		movs	r3, #0
 154 0094 3370     		strb	r3, [r6]
 155              	.LVL9:
 156              	.L9:
 185:Drivers/STM32F0xx_HAL_Driver/Src/stm32f0xx_hal_adc_ex.c **** }
 157              		.loc 1 185 0
 158              		@ sp needed
 159              	.LVL10:
 160              	.LVL11:
 161 0096 F8BD     		pop	{r3, r4, r5, r6, r7, pc}
 162              	.LVL12:
 163              	.L4:
 175:Drivers/STM32F0xx_HAL_Driver/Src/stm32f0xx_hal_adc_ex.c ****     
 164              		.loc 1 175 0
 165 0098 2023     		movs	r3, #32
 166 009a 626C     		ldr	r2, [r4, #68]
 177:Drivers/STM32F0xx_HAL_Driver/Src/stm32f0xx_hal_adc_ex.c ****   }
 167              		.loc 1 177 0
 168 009c 0120     		movs	r0, #1
 175:Drivers/STM32F0xx_HAL_Driver/Src/stm32f0xx_hal_adc_ex.c ****     
 169              		.loc 1 175 0
 170 009e 1343     		orrs	r3, r2
 171 00a0 6364     		str	r3, [r4, #68]
 172              	.LVL13:
 173 00a2 E6E7     		b	.L7
 174              	.L13:
 175              		.align	2
 176              	.L12:
 177 00a4 FDFEFFFF 		.word	-259
 178              		.cfi_endproc
 179              	.LFE35:
 181              		.text
 182              	.Letext0:
 183              		.file 2 "/home/arthurdent/Programs/gcc-arm-none-eabi-6-2017-q1-update/arm-none-eabi/include/machin
 184              		.file 3 "/home/arthurdent/Programs/gcc-arm-none-eabi-6-2017-q1-update/arm-none-eabi/include/sys/_s
 185              		.file 4 "Drivers/CMSIS/Device/ST/STM32F0xx/Include/system_stm32f0xx.h"
 186              		.file 5 "Drivers/CMSIS/Device/ST/STM32F0xx/Include/stm32f030x6.h"
 187              		.file 6 "/home/arthurdent/Programs/gcc-arm-none-eabi-6-2017-q1-update/arm-none-eabi/include/sys/lo
 188              		.file 7 "/home/arthurdent/Programs/gcc-arm-none-eabi-6-2017-q1-update/arm-none-eabi/include/sys/_t
 189              		.file 8 "/home/arthurdent/Programs/gcc-arm-none-eabi-6-2017-q1-update/lib/gcc/arm-none-eabi/6.3.1/
 190              		.file 9 "/home/arthurdent/Programs/gcc-arm-none-eabi-6-2017-q1-update/arm-none-eabi/include/sys/re
 191              		.file 10 "Drivers/CMSIS/Device/ST/STM32F0xx/Include/stm32f0xx.h"
 192              		.file 11 "Drivers/STM32F0xx_HAL_Driver/Inc/stm32f0xx_hal_def.h"
 193              		.file 12 "Drivers/STM32F0xx_HAL_Driver/Inc/stm32f0xx_hal_dma.h"
 194              		.file 13 "Drivers/STM32F0xx_HAL_Driver/Inc/stm32f0xx_hal_adc.h"
 195              		.file 14 "Drivers/STM32F0xx_HAL_Driver/Inc/stm32f0xx_hal.h"
ARM GAS  /tmp/cczuG3rA.s 			page 8


DEFINED SYMBOLS
                            *ABS*:0000000000000000 stm32f0xx_hal_adc_ex.c
     /tmp/cczuG3rA.s:16     .text.HAL_ADCEx_Calibration_Start:0000000000000000 $t
     /tmp/cczuG3rA.s:23     .text.HAL_ADCEx_Calibration_Start:0000000000000000 HAL_ADCEx_Calibration_Start
     /tmp/cczuG3rA.s:177    .text.HAL_ADCEx_Calibration_Start:00000000000000a4 $d
                     .debug_frame:0000000000000010 $d

UNDEFINED SYMBOLS
HAL_GetTick
