ARM GAS  /tmp/ccWFimGM.s 			page 1


   1              		.cpu cortex-m0
   2              		.eabi_attribute 20, 1
   3              		.eabi_attribute 21, 1
   4              		.eabi_attribute 23, 3
   5              		.eabi_attribute 24, 1
   6              		.eabi_attribute 25, 1
   7              		.eabi_attribute 26, 1
   8              		.eabi_attribute 30, 4
   9              		.eabi_attribute 34, 0
  10              		.eabi_attribute 18, 4
  11              		.file	"stm32f0xx_hal_msp.c"
  12              		.text
  13              	.Ltext0:
  14              		.cfi_sections	.debug_frame
  15              		.section	.text.HAL_MspInit,"ax",%progbits
  16              		.align	1
  17              		.global	HAL_MspInit
  18              		.syntax unified
  19              		.code	16
  20              		.thumb_func
  21              		.fpu softvfp
  23              	HAL_MspInit:
  24              	.LFB35:
  25              		.file 1 "Src/stm32f0xx_hal_msp.c"
   1:Src/stm32f0xx_hal_msp.c **** /**
   2:Src/stm32f0xx_hal_msp.c ****   ******************************************************************************
   3:Src/stm32f0xx_hal_msp.c ****   * File Name          : stm32f0xx_hal_msp.c
   4:Src/stm32f0xx_hal_msp.c ****   * Description        : This file provides code for the MSP Initialization 
   5:Src/stm32f0xx_hal_msp.c ****   *                      and de-Initialization codes.
   6:Src/stm32f0xx_hal_msp.c ****   ******************************************************************************
   7:Src/stm32f0xx_hal_msp.c ****   ** This notice applies to any and all portions of this file
   8:Src/stm32f0xx_hal_msp.c ****   * that are not between comment pairs USER CODE BEGIN and
   9:Src/stm32f0xx_hal_msp.c ****   * USER CODE END. Other portions of this file, whether 
  10:Src/stm32f0xx_hal_msp.c ****   * inserted by the user or by software development tools
  11:Src/stm32f0xx_hal_msp.c ****   * are owned by their respective copyright owners.
  12:Src/stm32f0xx_hal_msp.c ****   *
  13:Src/stm32f0xx_hal_msp.c ****   * COPYRIGHT(c) 2018 STMicroelectronics
  14:Src/stm32f0xx_hal_msp.c ****   *
  15:Src/stm32f0xx_hal_msp.c ****   * Redistribution and use in source and binary forms, with or without modification,
  16:Src/stm32f0xx_hal_msp.c ****   * are permitted provided that the following conditions are met:
  17:Src/stm32f0xx_hal_msp.c ****   *   1. Redistributions of source code must retain the above copyright notice,
  18:Src/stm32f0xx_hal_msp.c ****   *      this list of conditions and the following disclaimer.
  19:Src/stm32f0xx_hal_msp.c ****   *   2. Redistributions in binary form must reproduce the above copyright notice,
  20:Src/stm32f0xx_hal_msp.c ****   *      this list of conditions and the following disclaimer in the documentation
  21:Src/stm32f0xx_hal_msp.c ****   *      and/or other materials provided with the distribution.
  22:Src/stm32f0xx_hal_msp.c ****   *   3. Neither the name of STMicroelectronics nor the names of its contributors
  23:Src/stm32f0xx_hal_msp.c ****   *      may be used to endorse or promote products derived from this software
  24:Src/stm32f0xx_hal_msp.c ****   *      without specific prior written permission.
  25:Src/stm32f0xx_hal_msp.c ****   *
  26:Src/stm32f0xx_hal_msp.c ****   * THIS SOFTWARE IS PROVIDED BY THE COPYRIGHT HOLDERS AND CONTRIBUTORS "AS IS"
  27:Src/stm32f0xx_hal_msp.c ****   * AND ANY EXPRESS OR IMPLIED WARRANTIES, INCLUDING, BUT NOT LIMITED TO, THE
  28:Src/stm32f0xx_hal_msp.c ****   * IMPLIED WARRANTIES OF MERCHANTABILITY AND FITNESS FOR A PARTICULAR PURPOSE ARE
  29:Src/stm32f0xx_hal_msp.c ****   * DISCLAIMED. IN NO EVENT SHALL THE COPYRIGHT HOLDER OR CONTRIBUTORS BE LIABLE
  30:Src/stm32f0xx_hal_msp.c ****   * FOR ANY DIRECT, INDIRECT, INCIDENTAL, SPECIAL, EXEMPLARY, OR CONSEQUENTIAL
  31:Src/stm32f0xx_hal_msp.c ****   * DAMAGES (INCLUDING, BUT NOT LIMITED TO, PROCUREMENT OF SUBSTITUTE GOODS OR
  32:Src/stm32f0xx_hal_msp.c ****   * SERVICES; LOSS OF USE, DATA, OR PROFITS; OR BUSINESS INTERRUPTION) HOWEVER
  33:Src/stm32f0xx_hal_msp.c ****   * CAUSED AND ON ANY THEORY OF LIABILITY, WHETHER IN CONTRACT, STRICT LIABILITY,
ARM GAS  /tmp/ccWFimGM.s 			page 2


  34:Src/stm32f0xx_hal_msp.c ****   * OR TORT (INCLUDING NEGLIGENCE OR OTHERWISE) ARISING IN ANY WAY OUT OF THE USE
  35:Src/stm32f0xx_hal_msp.c ****   * OF THIS SOFTWARE, EVEN IF ADVISED OF THE POSSIBILITY OF SUCH DAMAGE.
  36:Src/stm32f0xx_hal_msp.c ****   *
  37:Src/stm32f0xx_hal_msp.c ****   ******************************************************************************
  38:Src/stm32f0xx_hal_msp.c ****   */
  39:Src/stm32f0xx_hal_msp.c **** /* Includes ------------------------------------------------------------------*/
  40:Src/stm32f0xx_hal_msp.c **** #include "stm32f0xx_hal.h"
  41:Src/stm32f0xx_hal_msp.c **** 
  42:Src/stm32f0xx_hal_msp.c **** extern void _Error_Handler(char *, int);
  43:Src/stm32f0xx_hal_msp.c **** /* USER CODE BEGIN 0 */
  44:Src/stm32f0xx_hal_msp.c **** 
  45:Src/stm32f0xx_hal_msp.c **** /* USER CODE END 0 */
  46:Src/stm32f0xx_hal_msp.c **** /**
  47:Src/stm32f0xx_hal_msp.c ****   * Initializes the Global MSP.
  48:Src/stm32f0xx_hal_msp.c ****   */
  49:Src/stm32f0xx_hal_msp.c **** void HAL_MspInit(void)
  50:Src/stm32f0xx_hal_msp.c **** {
  26              		.loc 1 50 0
  27              		.cfi_startproc
  28              		@ args = 0, pretend = 0, frame = 8
  29              		@ frame_needed = 0, uses_anonymous_args = 0
  30 0000 07B5     		push	{r0, r1, r2, lr}
  31              	.LCFI0:
  32              		.cfi_def_cfa_offset 16
  33              		.cfi_offset 0, -16
  34              		.cfi_offset 1, -12
  35              		.cfi_offset 2, -8
  36              		.cfi_offset 14, -4
  37              	.LBB2:
  51:Src/stm32f0xx_hal_msp.c ****   /* USER CODE BEGIN MspInit 0 */
  52:Src/stm32f0xx_hal_msp.c **** 
  53:Src/stm32f0xx_hal_msp.c ****   /* USER CODE END MspInit 0 */
  54:Src/stm32f0xx_hal_msp.c **** 
  55:Src/stm32f0xx_hal_msp.c ****   __HAL_RCC_SYSCFG_CLK_ENABLE();
  38              		.loc 1 55 0
  39 0002 0120     		movs	r0, #1
  40 0004 0C4A     		ldr	r2, .L2
  41              	.LBE2:
  56:Src/stm32f0xx_hal_msp.c **** 
  57:Src/stm32f0xx_hal_msp.c ****   /* System interrupt init*/
  58:Src/stm32f0xx_hal_msp.c ****   /* SVC_IRQn interrupt configuration */
  59:Src/stm32f0xx_hal_msp.c ****   HAL_NVIC_SetPriority(SVC_IRQn, 0, 0);
  60:Src/stm32f0xx_hal_msp.c ****   /* PendSV_IRQn interrupt configuration */
  61:Src/stm32f0xx_hal_msp.c ****   HAL_NVIC_SetPriority(PendSV_IRQn, 0, 0);
  62:Src/stm32f0xx_hal_msp.c ****   /* SysTick_IRQn interrupt configuration */
  63:Src/stm32f0xx_hal_msp.c ****   HAL_NVIC_SetPriority(SysTick_IRQn, 0, 0);
  64:Src/stm32f0xx_hal_msp.c **** 
  65:Src/stm32f0xx_hal_msp.c ****   /* USER CODE BEGIN MspInit 1 */
  66:Src/stm32f0xx_hal_msp.c **** 
  67:Src/stm32f0xx_hal_msp.c ****   /* USER CODE END MspInit 1 */
  68:Src/stm32f0xx_hal_msp.c **** }
  42              		.loc 1 68 0
  43              		@ sp needed
  44              	.LBB3:
  55:Src/stm32f0xx_hal_msp.c **** 
  45              		.loc 1 55 0
  46 0006 9169     		ldr	r1, [r2, #24]
ARM GAS  /tmp/ccWFimGM.s 			page 3


  47 0008 0143     		orrs	r1, r0
  48 000a 9161     		str	r1, [r2, #24]
  49 000c 9369     		ldr	r3, [r2, #24]
  50              	.LBE3:
  59:Src/stm32f0xx_hal_msp.c ****   /* PendSV_IRQn interrupt configuration */
  51              		.loc 1 59 0
  52 000e 0022     		movs	r2, #0
  53              	.LBB4:
  55:Src/stm32f0xx_hal_msp.c **** 
  54              		.loc 1 55 0
  55 0010 0340     		ands	r3, r0
  56              	.LBE4:
  59:Src/stm32f0xx_hal_msp.c ****   /* PendSV_IRQn interrupt configuration */
  57              		.loc 1 59 0
  58 0012 1100     		movs	r1, r2
  59              	.LBB5:
  55:Src/stm32f0xx_hal_msp.c **** 
  60              		.loc 1 55 0
  61 0014 0193     		str	r3, [sp, #4]
  62              	.LBE5:
  59:Src/stm32f0xx_hal_msp.c ****   /* PendSV_IRQn interrupt configuration */
  63              		.loc 1 59 0
  64 0016 0638     		subs	r0, r0, #6
  65              	.LBB6:
  55:Src/stm32f0xx_hal_msp.c **** 
  66              		.loc 1 55 0
  67 0018 019B     		ldr	r3, [sp, #4]
  68              	.LBE6:
  59:Src/stm32f0xx_hal_msp.c ****   /* PendSV_IRQn interrupt configuration */
  69              		.loc 1 59 0
  70 001a FFF7FEFF 		bl	HAL_NVIC_SetPriority
  71              	.LVL0:
  61:Src/stm32f0xx_hal_msp.c ****   /* SysTick_IRQn interrupt configuration */
  72              		.loc 1 61 0
  73 001e 0022     		movs	r2, #0
  74 0020 0220     		movs	r0, #2
  75 0022 1100     		movs	r1, r2
  76 0024 4042     		rsbs	r0, r0, #0
  77 0026 FFF7FEFF 		bl	HAL_NVIC_SetPriority
  78              	.LVL1:
  63:Src/stm32f0xx_hal_msp.c **** 
  79              		.loc 1 63 0
  80 002a 0022     		movs	r2, #0
  81 002c 0120     		movs	r0, #1
  82 002e 1100     		movs	r1, r2
  83 0030 4042     		rsbs	r0, r0, #0
  84 0032 FFF7FEFF 		bl	HAL_NVIC_SetPriority
  85              	.LVL2:
  86              		.loc 1 68 0
  87 0036 07BD     		pop	{r0, r1, r2, pc}
  88              	.L3:
  89              		.align	2
  90              	.L2:
  91 0038 00100240 		.word	1073876992
  92              		.cfi_endproc
  93              	.LFE35:
  95              		.section	.text.HAL_ADC_MspInit,"ax",%progbits
ARM GAS  /tmp/ccWFimGM.s 			page 4


  96              		.align	1
  97              		.global	HAL_ADC_MspInit
  98              		.syntax unified
  99              		.code	16
 100              		.thumb_func
 101              		.fpu softvfp
 103              	HAL_ADC_MspInit:
 104              	.LFB36:
  69:Src/stm32f0xx_hal_msp.c **** 
  70:Src/stm32f0xx_hal_msp.c **** void HAL_ADC_MspInit(ADC_HandleTypeDef* hadc)
  71:Src/stm32f0xx_hal_msp.c **** {
 105              		.loc 1 71 0
 106              		.cfi_startproc
 107              		@ args = 0, pretend = 0, frame = 24
 108              		@ frame_needed = 0, uses_anonymous_args = 0
 109              	.LVL3:
 110 0000 7FB5     		push	{r0, r1, r2, r3, r4, r5, r6, lr}
 111              	.LCFI1:
 112              		.cfi_def_cfa_offset 32
 113              		.cfi_offset 0, -32
 114              		.cfi_offset 1, -28
 115              		.cfi_offset 2, -24
 116              		.cfi_offset 3, -20
 117              		.cfi_offset 4, -16
 118              		.cfi_offset 5, -12
 119              		.cfi_offset 6, -8
 120              		.cfi_offset 14, -4
  72:Src/stm32f0xx_hal_msp.c **** 
  73:Src/stm32f0xx_hal_msp.c ****   GPIO_InitTypeDef GPIO_InitStruct;
  74:Src/stm32f0xx_hal_msp.c ****   if(hadc->Instance==ADC1)
 121              		.loc 1 74 0
 122 0002 0D4B     		ldr	r3, .L6
 123 0004 0268     		ldr	r2, [r0]
 124 0006 9A42     		cmp	r2, r3
 125 0008 13D1     		bne	.L4
 126              	.LBB7:
  75:Src/stm32f0xx_hal_msp.c ****   {
  76:Src/stm32f0xx_hal_msp.c ****   /* USER CODE BEGIN ADC1_MspInit 0 */
  77:Src/stm32f0xx_hal_msp.c **** 
  78:Src/stm32f0xx_hal_msp.c ****   /* USER CODE END ADC1_MspInit 0 */
  79:Src/stm32f0xx_hal_msp.c ****     /* Peripheral clock enable */
  80:Src/stm32f0xx_hal_msp.c ****     __HAL_RCC_ADC1_CLK_ENABLE();
 127              		.loc 1 80 0
 128 000a 8020     		movs	r0, #128
 129              	.LVL4:
 130 000c 0B4A     		ldr	r2, .L6+4
 131 000e 8000     		lsls	r0, r0, #2
 132 0010 9169     		ldr	r1, [r2, #24]
 133 0012 0143     		orrs	r1, r0
 134 0014 9161     		str	r1, [r2, #24]
 135 0016 9369     		ldr	r3, [r2, #24]
 136              	.LBE7:
  81:Src/stm32f0xx_hal_msp.c ****   
  82:Src/stm32f0xx_hal_msp.c ****     /**ADC GPIO Configuration    
  83:Src/stm32f0xx_hal_msp.c ****     PA0     ------> ADC_IN0
  84:Src/stm32f0xx_hal_msp.c ****     PA1     ------> ADC_IN1 
  85:Src/stm32f0xx_hal_msp.c ****     */
ARM GAS  /tmp/ccWFimGM.s 			page 5


  86:Src/stm32f0xx_hal_msp.c ****     GPIO_InitStruct.Pin = SAL_1_Pin|SAL_2_Pin;
  87:Src/stm32f0xx_hal_msp.c ****     GPIO_InitStruct.Mode = GPIO_MODE_ANALOG;
  88:Src/stm32f0xx_hal_msp.c ****     GPIO_InitStruct.Pull = GPIO_NOPULL;
  89:Src/stm32f0xx_hal_msp.c ****     HAL_GPIO_Init(GPIOA, &GPIO_InitStruct);
 137              		.loc 1 89 0
 138 0018 01A9     		add	r1, sp, #4
 139              	.LBB8:
  80:Src/stm32f0xx_hal_msp.c ****   
 140              		.loc 1 80 0
 141 001a 0340     		ands	r3, r0
 142 001c 0093     		str	r3, [sp]
 143 001e 009B     		ldr	r3, [sp]
 144              	.LBE8:
  86:Src/stm32f0xx_hal_msp.c ****     GPIO_InitStruct.Mode = GPIO_MODE_ANALOG;
 145              		.loc 1 86 0
 146 0020 0323     		movs	r3, #3
 147              		.loc 1 89 0
 148 0022 9020     		movs	r0, #144
  86:Src/stm32f0xx_hal_msp.c ****     GPIO_InitStruct.Mode = GPIO_MODE_ANALOG;
 149              		.loc 1 86 0
 150 0024 0193     		str	r3, [sp, #4]
  87:Src/stm32f0xx_hal_msp.c ****     GPIO_InitStruct.Pull = GPIO_NOPULL;
 151              		.loc 1 87 0
 152 0026 0293     		str	r3, [sp, #8]
  88:Src/stm32f0xx_hal_msp.c ****     HAL_GPIO_Init(GPIOA, &GPIO_InitStruct);
 153              		.loc 1 88 0
 154 0028 0023     		movs	r3, #0
 155              		.loc 1 89 0
 156 002a C005     		lsls	r0, r0, #23
  88:Src/stm32f0xx_hal_msp.c ****     HAL_GPIO_Init(GPIOA, &GPIO_InitStruct);
 157              		.loc 1 88 0
 158 002c 0393     		str	r3, [sp, #12]
 159              		.loc 1 89 0
 160 002e FFF7FEFF 		bl	HAL_GPIO_Init
 161              	.LVL5:
 162              	.L4:
  90:Src/stm32f0xx_hal_msp.c **** 
  91:Src/stm32f0xx_hal_msp.c ****   /* USER CODE BEGIN ADC1_MspInit 1 */
  92:Src/stm32f0xx_hal_msp.c **** 
  93:Src/stm32f0xx_hal_msp.c ****   /* USER CODE END ADC1_MspInit 1 */
  94:Src/stm32f0xx_hal_msp.c ****   }
  95:Src/stm32f0xx_hal_msp.c **** 
  96:Src/stm32f0xx_hal_msp.c **** }
 163              		.loc 1 96 0
 164 0032 07B0     		add	sp, sp, #28
 165              		@ sp needed
 166 0034 00BD     		pop	{pc}
 167              	.L7:
 168 0036 C046     		.align	2
 169              	.L6:
 170 0038 00240140 		.word	1073816576
 171 003c 00100240 		.word	1073876992
 172              		.cfi_endproc
 173              	.LFE36:
 175              		.section	.text.HAL_ADC_MspDeInit,"ax",%progbits
 176              		.align	1
 177              		.global	HAL_ADC_MspDeInit
ARM GAS  /tmp/ccWFimGM.s 			page 6


 178              		.syntax unified
 179              		.code	16
 180              		.thumb_func
 181              		.fpu softvfp
 183              	HAL_ADC_MspDeInit:
 184              	.LFB37:
  97:Src/stm32f0xx_hal_msp.c **** 
  98:Src/stm32f0xx_hal_msp.c **** void HAL_ADC_MspDeInit(ADC_HandleTypeDef* hadc)
  99:Src/stm32f0xx_hal_msp.c **** {
 185              		.loc 1 99 0
 186              		.cfi_startproc
 187              		@ args = 0, pretend = 0, frame = 0
 188              		@ frame_needed = 0, uses_anonymous_args = 0
 189              	.LVL6:
 100:Src/stm32f0xx_hal_msp.c **** 
 101:Src/stm32f0xx_hal_msp.c ****   if(hadc->Instance==ADC1)
 190              		.loc 1 101 0
 191 0000 074B     		ldr	r3, .L10
 192 0002 0268     		ldr	r2, [r0]
  99:Src/stm32f0xx_hal_msp.c **** 
 193              		.loc 1 99 0
 194 0004 10B5     		push	{r4, lr}
 195              	.LCFI2:
 196              		.cfi_def_cfa_offset 8
 197              		.cfi_offset 4, -8
 198              		.cfi_offset 14, -4
 199              		.loc 1 101 0
 200 0006 9A42     		cmp	r2, r3
 201 0008 09D1     		bne	.L8
 102:Src/stm32f0xx_hal_msp.c ****   {
 103:Src/stm32f0xx_hal_msp.c ****   /* USER CODE BEGIN ADC1_MspDeInit 0 */
 104:Src/stm32f0xx_hal_msp.c **** 
 105:Src/stm32f0xx_hal_msp.c ****   /* USER CODE END ADC1_MspDeInit 0 */
 106:Src/stm32f0xx_hal_msp.c ****     /* Peripheral clock disable */
 107:Src/stm32f0xx_hal_msp.c ****     __HAL_RCC_ADC1_CLK_DISABLE();
 108:Src/stm32f0xx_hal_msp.c ****   
 109:Src/stm32f0xx_hal_msp.c ****     /**ADC GPIO Configuration    
 110:Src/stm32f0xx_hal_msp.c ****     PA0     ------> ADC_IN0
 111:Src/stm32f0xx_hal_msp.c ****     PA1     ------> ADC_IN1 
 112:Src/stm32f0xx_hal_msp.c ****     */
 113:Src/stm32f0xx_hal_msp.c ****     HAL_GPIO_DeInit(GPIOA, SAL_1_Pin|SAL_2_Pin);
 202              		.loc 1 113 0
 203 000a 9020     		movs	r0, #144
 204              	.LVL7:
 107:Src/stm32f0xx_hal_msp.c ****   
 205              		.loc 1 107 0
 206 000c 054A     		ldr	r2, .L10+4
 207 000e 0649     		ldr	r1, .L10+8
 208 0010 9369     		ldr	r3, [r2, #24]
 209              		.loc 1 113 0
 210 0012 C005     		lsls	r0, r0, #23
 107:Src/stm32f0xx_hal_msp.c ****   
 211              		.loc 1 107 0
 212 0014 0B40     		ands	r3, r1
 213 0016 9361     		str	r3, [r2, #24]
 214              		.loc 1 113 0
 215 0018 0321     		movs	r1, #3
ARM GAS  /tmp/ccWFimGM.s 			page 7


 216 001a FFF7FEFF 		bl	HAL_GPIO_DeInit
 217              	.LVL8:
 218              	.L8:
 114:Src/stm32f0xx_hal_msp.c **** 
 115:Src/stm32f0xx_hal_msp.c ****   /* USER CODE BEGIN ADC1_MspDeInit 1 */
 116:Src/stm32f0xx_hal_msp.c **** 
 117:Src/stm32f0xx_hal_msp.c ****   /* USER CODE END ADC1_MspDeInit 1 */
 118:Src/stm32f0xx_hal_msp.c ****   }
 119:Src/stm32f0xx_hal_msp.c **** 
 120:Src/stm32f0xx_hal_msp.c **** }
 219              		.loc 1 120 0
 220              		@ sp needed
 221 001e 10BD     		pop	{r4, pc}
 222              	.L11:
 223              		.align	2
 224              	.L10:
 225 0020 00240140 		.word	1073816576
 226 0024 00100240 		.word	1073876992
 227 0028 FFFDFFFF 		.word	-513
 228              		.cfi_endproc
 229              	.LFE37:
 231              		.section	.text.HAL_I2C_MspInit,"ax",%progbits
 232              		.align	1
 233              		.global	HAL_I2C_MspInit
 234              		.syntax unified
 235              		.code	16
 236              		.thumb_func
 237              		.fpu softvfp
 239              	HAL_I2C_MspInit:
 240              	.LFB38:
 121:Src/stm32f0xx_hal_msp.c **** 
 122:Src/stm32f0xx_hal_msp.c **** void HAL_I2C_MspInit(I2C_HandleTypeDef* hi2c)
 123:Src/stm32f0xx_hal_msp.c **** {
 241              		.loc 1 123 0
 242              		.cfi_startproc
 243              		@ args = 0, pretend = 0, frame = 24
 244              		@ frame_needed = 0, uses_anonymous_args = 0
 245              	.LVL9:
 246 0000 7FB5     		push	{r0, r1, r2, r3, r4, r5, r6, lr}
 247              	.LCFI3:
 248              		.cfi_def_cfa_offset 32
 249              		.cfi_offset 0, -32
 250              		.cfi_offset 1, -28
 251              		.cfi_offset 2, -24
 252              		.cfi_offset 3, -20
 253              		.cfi_offset 4, -16
 254              		.cfi_offset 5, -12
 255              		.cfi_offset 6, -8
 256              		.cfi_offset 14, -4
 124:Src/stm32f0xx_hal_msp.c **** 
 125:Src/stm32f0xx_hal_msp.c ****   GPIO_InitTypeDef GPIO_InitStruct;
 126:Src/stm32f0xx_hal_msp.c ****   if(hi2c->Instance==I2C1)
 257              		.loc 1 126 0
 258 0002 104B     		ldr	r3, .L14
 259 0004 0268     		ldr	r2, [r0]
 260 0006 9A42     		cmp	r2, r3
 261 0008 19D1     		bne	.L12
ARM GAS  /tmp/ccWFimGM.s 			page 8


 127:Src/stm32f0xx_hal_msp.c ****   {
 128:Src/stm32f0xx_hal_msp.c ****   /* USER CODE BEGIN I2C1_MspInit 0 */
 129:Src/stm32f0xx_hal_msp.c **** 
 130:Src/stm32f0xx_hal_msp.c ****   /* USER CODE END I2C1_MspInit 0 */
 131:Src/stm32f0xx_hal_msp.c ****   
 132:Src/stm32f0xx_hal_msp.c ****     /**I2C1 GPIO Configuration    
 133:Src/stm32f0xx_hal_msp.c ****     PA9     ------> I2C1_SCL
 134:Src/stm32f0xx_hal_msp.c ****     PA10     ------> I2C1_SDA 
 135:Src/stm32f0xx_hal_msp.c ****     */
 136:Src/stm32f0xx_hal_msp.c ****     GPIO_InitStruct.Pin = GPIO_PIN_9|GPIO_PIN_10;
 262              		.loc 1 136 0
 263 000a C023     		movs	r3, #192
 264 000c DB00     		lsls	r3, r3, #3
 265 000e 0193     		str	r3, [sp, #4]
 137:Src/stm32f0xx_hal_msp.c ****     GPIO_InitStruct.Mode = GPIO_MODE_AF_OD;
 266              		.loc 1 137 0
 267 0010 1223     		movs	r3, #18
 138:Src/stm32f0xx_hal_msp.c ****     GPIO_InitStruct.Pull = GPIO_PULLUP;
 139:Src/stm32f0xx_hal_msp.c ****     GPIO_InitStruct.Speed = GPIO_SPEED_FREQ_HIGH;
 140:Src/stm32f0xx_hal_msp.c ****     GPIO_InitStruct.Alternate = GPIO_AF4_I2C1;
 141:Src/stm32f0xx_hal_msp.c ****     HAL_GPIO_Init(GPIOA, &GPIO_InitStruct);
 268              		.loc 1 141 0
 269 0012 9020     		movs	r0, #144
 270              	.LVL10:
 137:Src/stm32f0xx_hal_msp.c ****     GPIO_InitStruct.Mode = GPIO_MODE_AF_OD;
 271              		.loc 1 137 0
 272 0014 0293     		str	r3, [sp, #8]
 138:Src/stm32f0xx_hal_msp.c ****     GPIO_InitStruct.Pull = GPIO_PULLUP;
 273              		.loc 1 138 0
 274 0016 113B     		subs	r3, r3, #17
 275 0018 0393     		str	r3, [sp, #12]
 139:Src/stm32f0xx_hal_msp.c ****     GPIO_InitStruct.Alternate = GPIO_AF4_I2C1;
 276              		.loc 1 139 0
 277 001a 0233     		adds	r3, r3, #2
 278 001c 0493     		str	r3, [sp, #16]
 279              		.loc 1 141 0
 280 001e 01A9     		add	r1, sp, #4
 140:Src/stm32f0xx_hal_msp.c ****     HAL_GPIO_Init(GPIOA, &GPIO_InitStruct);
 281              		.loc 1 140 0
 282 0020 0133     		adds	r3, r3, #1
 283              		.loc 1 141 0
 284 0022 C005     		lsls	r0, r0, #23
 140:Src/stm32f0xx_hal_msp.c ****     HAL_GPIO_Init(GPIOA, &GPIO_InitStruct);
 285              		.loc 1 140 0
 286 0024 0593     		str	r3, [sp, #20]
 287              		.loc 1 141 0
 288 0026 FFF7FEFF 		bl	HAL_GPIO_Init
 289              	.LVL11:
 290              	.LBB9:
 142:Src/stm32f0xx_hal_msp.c **** 
 143:Src/stm32f0xx_hal_msp.c ****     /* Peripheral clock enable */
 144:Src/stm32f0xx_hal_msp.c ****     __HAL_RCC_I2C1_CLK_ENABLE();
 291              		.loc 1 144 0
 292 002a 8020     		movs	r0, #128
 293 002c 064A     		ldr	r2, .L14+4
 294 002e 8003     		lsls	r0, r0, #14
 295 0030 D169     		ldr	r1, [r2, #28]
ARM GAS  /tmp/ccWFimGM.s 			page 9


 296 0032 0143     		orrs	r1, r0
 297 0034 D161     		str	r1, [r2, #28]
 298 0036 D369     		ldr	r3, [r2, #28]
 299 0038 0340     		ands	r3, r0
 300 003a 0093     		str	r3, [sp]
 301 003c 009B     		ldr	r3, [sp]
 302              	.L12:
 303              	.LBE9:
 145:Src/stm32f0xx_hal_msp.c ****   /* USER CODE BEGIN I2C1_MspInit 1 */
 146:Src/stm32f0xx_hal_msp.c **** 
 147:Src/stm32f0xx_hal_msp.c ****   /* USER CODE END I2C1_MspInit 1 */
 148:Src/stm32f0xx_hal_msp.c ****   }
 149:Src/stm32f0xx_hal_msp.c **** 
 150:Src/stm32f0xx_hal_msp.c **** }
 304              		.loc 1 150 0
 305 003e 07B0     		add	sp, sp, #28
 306              		@ sp needed
 307 0040 00BD     		pop	{pc}
 308              	.L15:
 309 0042 C046     		.align	2
 310              	.L14:
 311 0044 00540040 		.word	1073763328
 312 0048 00100240 		.word	1073876992
 313              		.cfi_endproc
 314              	.LFE38:
 316              		.section	.text.HAL_I2C_MspDeInit,"ax",%progbits
 317              		.align	1
 318              		.global	HAL_I2C_MspDeInit
 319              		.syntax unified
 320              		.code	16
 321              		.thumb_func
 322              		.fpu softvfp
 324              	HAL_I2C_MspDeInit:
 325              	.LFB39:
 151:Src/stm32f0xx_hal_msp.c **** 
 152:Src/stm32f0xx_hal_msp.c **** void HAL_I2C_MspDeInit(I2C_HandleTypeDef* hi2c)
 153:Src/stm32f0xx_hal_msp.c **** {
 326              		.loc 1 153 0
 327              		.cfi_startproc
 328              		@ args = 0, pretend = 0, frame = 0
 329              		@ frame_needed = 0, uses_anonymous_args = 0
 330              	.LVL12:
 154:Src/stm32f0xx_hal_msp.c **** 
 155:Src/stm32f0xx_hal_msp.c ****   if(hi2c->Instance==I2C1)
 331              		.loc 1 155 0
 332 0000 084B     		ldr	r3, .L18
 333 0002 0268     		ldr	r2, [r0]
 153:Src/stm32f0xx_hal_msp.c **** 
 334              		.loc 1 153 0
 335 0004 10B5     		push	{r4, lr}
 336              	.LCFI4:
 337              		.cfi_def_cfa_offset 8
 338              		.cfi_offset 4, -8
 339              		.cfi_offset 14, -4
 340              		.loc 1 155 0
 341 0006 9A42     		cmp	r2, r3
 342 0008 0AD1     		bne	.L16
ARM GAS  /tmp/ccWFimGM.s 			page 10


 156:Src/stm32f0xx_hal_msp.c ****   {
 157:Src/stm32f0xx_hal_msp.c ****   /* USER CODE BEGIN I2C1_MspDeInit 0 */
 158:Src/stm32f0xx_hal_msp.c **** 
 159:Src/stm32f0xx_hal_msp.c ****   /* USER CODE END I2C1_MspDeInit 0 */
 160:Src/stm32f0xx_hal_msp.c ****     /* Peripheral clock disable */
 161:Src/stm32f0xx_hal_msp.c ****     __HAL_RCC_I2C1_CLK_DISABLE();
 343              		.loc 1 161 0
 344 000a 074A     		ldr	r2, .L18+4
 345 000c 0749     		ldr	r1, .L18+8
 346 000e D369     		ldr	r3, [r2, #28]
 162:Src/stm32f0xx_hal_msp.c ****   
 163:Src/stm32f0xx_hal_msp.c ****     /**I2C1 GPIO Configuration    
 164:Src/stm32f0xx_hal_msp.c ****     PA9     ------> I2C1_SCL
 165:Src/stm32f0xx_hal_msp.c ****     PA10     ------> I2C1_SDA 
 166:Src/stm32f0xx_hal_msp.c ****     */
 167:Src/stm32f0xx_hal_msp.c ****     HAL_GPIO_DeInit(GPIOA, GPIO_PIN_9|GPIO_PIN_10);
 347              		.loc 1 167 0
 348 0010 9020     		movs	r0, #144
 349              	.LVL13:
 161:Src/stm32f0xx_hal_msp.c ****   
 350              		.loc 1 161 0
 351 0012 0B40     		ands	r3, r1
 352              		.loc 1 167 0
 353 0014 C021     		movs	r1, #192
 161:Src/stm32f0xx_hal_msp.c ****   
 354              		.loc 1 161 0
 355 0016 D361     		str	r3, [r2, #28]
 356              		.loc 1 167 0
 357 0018 C900     		lsls	r1, r1, #3
 358 001a C005     		lsls	r0, r0, #23
 359 001c FFF7FEFF 		bl	HAL_GPIO_DeInit
 360              	.LVL14:
 361              	.L16:
 168:Src/stm32f0xx_hal_msp.c **** 
 169:Src/stm32f0xx_hal_msp.c ****   /* USER CODE BEGIN I2C1_MspDeInit 1 */
 170:Src/stm32f0xx_hal_msp.c **** 
 171:Src/stm32f0xx_hal_msp.c ****   /* USER CODE END I2C1_MspDeInit 1 */
 172:Src/stm32f0xx_hal_msp.c ****   }
 173:Src/stm32f0xx_hal_msp.c **** 
 174:Src/stm32f0xx_hal_msp.c **** }
 362              		.loc 1 174 0
 363              		@ sp needed
 364 0020 10BD     		pop	{r4, pc}
 365              	.L19:
 366 0022 C046     		.align	2
 367              	.L18:
 368 0024 00540040 		.word	1073763328
 369 0028 00100240 		.word	1073876992
 370 002c FFFFDFFF 		.word	-2097153
 371              		.cfi_endproc
 372              	.LFE39:
 374              		.section	.text.HAL_TIM_Base_MspInit,"ax",%progbits
 375              		.align	1
 376              		.global	HAL_TIM_Base_MspInit
 377              		.syntax unified
 378              		.code	16
 379              		.thumb_func
ARM GAS  /tmp/ccWFimGM.s 			page 11


 380              		.fpu softvfp
 382              	HAL_TIM_Base_MspInit:
 383              	.LFB40:
 175:Src/stm32f0xx_hal_msp.c **** 
 176:Src/stm32f0xx_hal_msp.c **** void HAL_TIM_Base_MspInit(TIM_HandleTypeDef* htim_base)
 177:Src/stm32f0xx_hal_msp.c **** {
 384              		.loc 1 177 0
 385              		.cfi_startproc
 386              		@ args = 0, pretend = 0, frame = 24
 387              		@ frame_needed = 0, uses_anonymous_args = 0
 388              	.LVL15:
 389 0000 7FB5     		push	{r0, r1, r2, r3, r4, r5, r6, lr}
 390              	.LCFI5:
 391              		.cfi_def_cfa_offset 32
 392              		.cfi_offset 0, -32
 393              		.cfi_offset 1, -28
 394              		.cfi_offset 2, -24
 395              		.cfi_offset 3, -20
 396              		.cfi_offset 4, -16
 397              		.cfi_offset 5, -12
 398              		.cfi_offset 6, -8
 399              		.cfi_offset 14, -4
 178:Src/stm32f0xx_hal_msp.c **** 
 179:Src/stm32f0xx_hal_msp.c ****   GPIO_InitTypeDef GPIO_InitStruct;
 180:Src/stm32f0xx_hal_msp.c ****   if(htim_base->Instance==TIM1)
 400              		.loc 1 180 0
 401 0002 0368     		ldr	r3, [r0]
 402 0004 144A     		ldr	r2, .L23
 403 0006 9342     		cmp	r3, r2
 404 0008 0BD1     		bne	.L21
 405              	.LBB10:
 181:Src/stm32f0xx_hal_msp.c ****   {
 182:Src/stm32f0xx_hal_msp.c ****   /* USER CODE BEGIN TIM1_MspInit 0 */
 183:Src/stm32f0xx_hal_msp.c **** 
 184:Src/stm32f0xx_hal_msp.c ****   /* USER CODE END TIM1_MspInit 0 */
 185:Src/stm32f0xx_hal_msp.c ****     /* Peripheral clock enable */
 186:Src/stm32f0xx_hal_msp.c ****     __HAL_RCC_TIM1_CLK_ENABLE();
 406              		.loc 1 186 0
 407 000a 8020     		movs	r0, #128
 408              	.LVL16:
 409 000c 134A     		ldr	r2, .L23+4
 410 000e 0001     		lsls	r0, r0, #4
 411 0010 9169     		ldr	r1, [r2, #24]
 412 0012 0143     		orrs	r1, r0
 413 0014 9161     		str	r1, [r2, #24]
 414 0016 9369     		ldr	r3, [r2, #24]
 415 0018 0340     		ands	r3, r0
 416 001a 0193     		str	r3, [sp, #4]
 417 001c 019B     		ldr	r3, [sp, #4]
 418              	.L20:
 419              	.LBE10:
 187:Src/stm32f0xx_hal_msp.c ****   /* USER CODE BEGIN TIM1_MspInit 1 */
 188:Src/stm32f0xx_hal_msp.c **** 
 189:Src/stm32f0xx_hal_msp.c ****   /* USER CODE END TIM1_MspInit 1 */
 190:Src/stm32f0xx_hal_msp.c ****   }
 191:Src/stm32f0xx_hal_msp.c ****   else if(htim_base->Instance==TIM3)
 192:Src/stm32f0xx_hal_msp.c ****   {
ARM GAS  /tmp/ccWFimGM.s 			page 12


 193:Src/stm32f0xx_hal_msp.c ****   /* USER CODE BEGIN TIM3_MspInit 0 */
 194:Src/stm32f0xx_hal_msp.c **** 
 195:Src/stm32f0xx_hal_msp.c ****   /* USER CODE END TIM3_MspInit 0 */
 196:Src/stm32f0xx_hal_msp.c ****     /* Peripheral clock enable */
 197:Src/stm32f0xx_hal_msp.c ****     __HAL_RCC_TIM3_CLK_ENABLE();
 198:Src/stm32f0xx_hal_msp.c ****   
 199:Src/stm32f0xx_hal_msp.c ****     /**TIM3 GPIO Configuration    
 200:Src/stm32f0xx_hal_msp.c ****     PA6     ------> TIM3_CH1
 201:Src/stm32f0xx_hal_msp.c ****     PA7     ------> TIM3_CH2 
 202:Src/stm32f0xx_hal_msp.c ****     */
 203:Src/stm32f0xx_hal_msp.c ****     GPIO_InitStruct.Pin = GPIO_PIN_6|GPIO_PIN_7;
 204:Src/stm32f0xx_hal_msp.c ****     GPIO_InitStruct.Mode = GPIO_MODE_AF_PP;
 205:Src/stm32f0xx_hal_msp.c ****     GPIO_InitStruct.Pull = GPIO_NOPULL;
 206:Src/stm32f0xx_hal_msp.c ****     GPIO_InitStruct.Speed = GPIO_SPEED_FREQ_LOW;
 207:Src/stm32f0xx_hal_msp.c ****     GPIO_InitStruct.Alternate = GPIO_AF1_TIM3;
 208:Src/stm32f0xx_hal_msp.c ****     HAL_GPIO_Init(GPIOA, &GPIO_InitStruct);
 209:Src/stm32f0xx_hal_msp.c **** 
 210:Src/stm32f0xx_hal_msp.c ****   /* USER CODE BEGIN TIM3_MspInit 1 */
 211:Src/stm32f0xx_hal_msp.c **** 
 212:Src/stm32f0xx_hal_msp.c ****   /* USER CODE END TIM3_MspInit 1 */
 213:Src/stm32f0xx_hal_msp.c ****   }
 214:Src/stm32f0xx_hal_msp.c **** 
 215:Src/stm32f0xx_hal_msp.c **** }
 420              		.loc 1 215 0
 421 001e 07B0     		add	sp, sp, #28
 422              		@ sp needed
 423 0020 00BD     		pop	{pc}
 424              	.LVL17:
 425              	.L21:
 191:Src/stm32f0xx_hal_msp.c ****   {
 426              		.loc 1 191 0
 427 0022 0F4A     		ldr	r2, .L23+8
 428 0024 9342     		cmp	r3, r2
 429 0026 FAD1     		bne	.L20
 430              	.LBB11:
 197:Src/stm32f0xx_hal_msp.c ****   
 431              		.loc 1 197 0
 432 0028 0223     		movs	r3, #2
 433 002a 0C4A     		ldr	r2, .L23+4
 434              	.LBE11:
 208:Src/stm32f0xx_hal_msp.c **** 
 435              		.loc 1 208 0
 436 002c 9020     		movs	r0, #144
 437              	.LVL18:
 438              	.LBB12:
 197:Src/stm32f0xx_hal_msp.c ****   
 439              		.loc 1 197 0
 440 002e D169     		ldr	r1, [r2, #28]
 441              	.LBE12:
 208:Src/stm32f0xx_hal_msp.c **** 
 442              		.loc 1 208 0
 443 0030 C005     		lsls	r0, r0, #23
 444              	.LBB13:
 197:Src/stm32f0xx_hal_msp.c ****   
 445              		.loc 1 197 0
 446 0032 1943     		orrs	r1, r3
 447 0034 D161     		str	r1, [r2, #28]
ARM GAS  /tmp/ccWFimGM.s 			page 13


 448 0036 D269     		ldr	r2, [r2, #28]
 449              	.LBE13:
 204:Src/stm32f0xx_hal_msp.c ****     GPIO_InitStruct.Pull = GPIO_NOPULL;
 450              		.loc 1 204 0
 451 0038 0293     		str	r3, [sp, #8]
 452              	.LBB14:
 197:Src/stm32f0xx_hal_msp.c ****   
 453              		.loc 1 197 0
 454 003a 1A40     		ands	r2, r3
 455 003c 0092     		str	r2, [sp]
 456              	.LBE14:
 205:Src/stm32f0xx_hal_msp.c ****     GPIO_InitStruct.Speed = GPIO_SPEED_FREQ_LOW;
 457              		.loc 1 205 0
 458 003e 0023     		movs	r3, #0
 459              	.LBB15:
 197:Src/stm32f0xx_hal_msp.c ****   
 460              		.loc 1 197 0
 461 0040 009A     		ldr	r2, [sp]
 462              	.LBE15:
 203:Src/stm32f0xx_hal_msp.c ****     GPIO_InitStruct.Mode = GPIO_MODE_AF_PP;
 463              		.loc 1 203 0
 464 0042 C022     		movs	r2, #192
 205:Src/stm32f0xx_hal_msp.c ****     GPIO_InitStruct.Speed = GPIO_SPEED_FREQ_LOW;
 465              		.loc 1 205 0
 466 0044 0393     		str	r3, [sp, #12]
 206:Src/stm32f0xx_hal_msp.c ****     GPIO_InitStruct.Alternate = GPIO_AF1_TIM3;
 467              		.loc 1 206 0
 468 0046 0493     		str	r3, [sp, #16]
 208:Src/stm32f0xx_hal_msp.c **** 
 469              		.loc 1 208 0
 470 0048 01A9     		add	r1, sp, #4
 207:Src/stm32f0xx_hal_msp.c ****     HAL_GPIO_Init(GPIOA, &GPIO_InitStruct);
 471              		.loc 1 207 0
 472 004a 0133     		adds	r3, r3, #1
 203:Src/stm32f0xx_hal_msp.c ****     GPIO_InitStruct.Mode = GPIO_MODE_AF_PP;
 473              		.loc 1 203 0
 474 004c 0192     		str	r2, [sp, #4]
 207:Src/stm32f0xx_hal_msp.c ****     HAL_GPIO_Init(GPIOA, &GPIO_InitStruct);
 475              		.loc 1 207 0
 476 004e 0593     		str	r3, [sp, #20]
 208:Src/stm32f0xx_hal_msp.c **** 
 477              		.loc 1 208 0
 478 0050 FFF7FEFF 		bl	HAL_GPIO_Init
 479              	.LVL19:
 480              		.loc 1 215 0
 481 0054 E3E7     		b	.L20
 482              	.L24:
 483 0056 C046     		.align	2
 484              	.L23:
 485 0058 002C0140 		.word	1073818624
 486 005c 00100240 		.word	1073876992
 487 0060 00040040 		.word	1073742848
 488              		.cfi_endproc
 489              	.LFE40:
 491              		.section	.text.HAL_TIM_Base_MspDeInit,"ax",%progbits
 492              		.align	1
 493              		.global	HAL_TIM_Base_MspDeInit
ARM GAS  /tmp/ccWFimGM.s 			page 14


 494              		.syntax unified
 495              		.code	16
 496              		.thumb_func
 497              		.fpu softvfp
 499              	HAL_TIM_Base_MspDeInit:
 500              	.LFB41:
 216:Src/stm32f0xx_hal_msp.c **** 
 217:Src/stm32f0xx_hal_msp.c **** void HAL_TIM_Base_MspDeInit(TIM_HandleTypeDef* htim_base)
 218:Src/stm32f0xx_hal_msp.c **** {
 501              		.loc 1 218 0
 502              		.cfi_startproc
 503              		@ args = 0, pretend = 0, frame = 0
 504              		@ frame_needed = 0, uses_anonymous_args = 0
 505              	.LVL20:
 219:Src/stm32f0xx_hal_msp.c **** 
 220:Src/stm32f0xx_hal_msp.c ****   if(htim_base->Instance==TIM1)
 506              		.loc 1 220 0
 507 0000 0368     		ldr	r3, [r0]
 508 0002 0C4A     		ldr	r2, .L28
 218:Src/stm32f0xx_hal_msp.c **** 
 509              		.loc 1 218 0
 510 0004 10B5     		push	{r4, lr}
 511              	.LCFI6:
 512              		.cfi_def_cfa_offset 8
 513              		.cfi_offset 4, -8
 514              		.cfi_offset 14, -4
 515              		.loc 1 220 0
 516 0006 9342     		cmp	r3, r2
 517 0008 05D1     		bne	.L26
 221:Src/stm32f0xx_hal_msp.c ****   {
 222:Src/stm32f0xx_hal_msp.c ****   /* USER CODE BEGIN TIM1_MspDeInit 0 */
 223:Src/stm32f0xx_hal_msp.c **** 
 224:Src/stm32f0xx_hal_msp.c ****   /* USER CODE END TIM1_MspDeInit 0 */
 225:Src/stm32f0xx_hal_msp.c ****     /* Peripheral clock disable */
 226:Src/stm32f0xx_hal_msp.c ****     __HAL_RCC_TIM1_CLK_DISABLE();
 518              		.loc 1 226 0
 519 000a 0B4A     		ldr	r2, .L28+4
 520 000c 0B49     		ldr	r1, .L28+8
 521 000e 9369     		ldr	r3, [r2, #24]
 522 0010 0B40     		ands	r3, r1
 523 0012 9361     		str	r3, [r2, #24]
 524              	.LVL21:
 525              	.L25:
 227:Src/stm32f0xx_hal_msp.c ****   /* USER CODE BEGIN TIM1_MspDeInit 1 */
 228:Src/stm32f0xx_hal_msp.c **** 
 229:Src/stm32f0xx_hal_msp.c ****   /* USER CODE END TIM1_MspDeInit 1 */
 230:Src/stm32f0xx_hal_msp.c ****   }
 231:Src/stm32f0xx_hal_msp.c ****   else if(htim_base->Instance==TIM3)
 232:Src/stm32f0xx_hal_msp.c ****   {
 233:Src/stm32f0xx_hal_msp.c ****   /* USER CODE BEGIN TIM3_MspDeInit 0 */
 234:Src/stm32f0xx_hal_msp.c **** 
 235:Src/stm32f0xx_hal_msp.c ****   /* USER CODE END TIM3_MspDeInit 0 */
 236:Src/stm32f0xx_hal_msp.c ****     /* Peripheral clock disable */
 237:Src/stm32f0xx_hal_msp.c ****     __HAL_RCC_TIM3_CLK_DISABLE();
 238:Src/stm32f0xx_hal_msp.c ****   
 239:Src/stm32f0xx_hal_msp.c ****     /**TIM3 GPIO Configuration    
 240:Src/stm32f0xx_hal_msp.c ****     PA6     ------> TIM3_CH1
ARM GAS  /tmp/ccWFimGM.s 			page 15


 241:Src/stm32f0xx_hal_msp.c ****     PA7     ------> TIM3_CH2 
 242:Src/stm32f0xx_hal_msp.c ****     */
 243:Src/stm32f0xx_hal_msp.c ****     HAL_GPIO_DeInit(GPIOA, GPIO_PIN_6|GPIO_PIN_7);
 244:Src/stm32f0xx_hal_msp.c **** 
 245:Src/stm32f0xx_hal_msp.c ****   /* USER CODE BEGIN TIM3_MspDeInit 1 */
 246:Src/stm32f0xx_hal_msp.c **** 
 247:Src/stm32f0xx_hal_msp.c ****   /* USER CODE END TIM3_MspDeInit 1 */
 248:Src/stm32f0xx_hal_msp.c ****   }
 249:Src/stm32f0xx_hal_msp.c **** 
 250:Src/stm32f0xx_hal_msp.c **** }
 526              		.loc 1 250 0
 527              		@ sp needed
 528 0014 10BD     		pop	{r4, pc}
 529              	.LVL22:
 530              	.L26:
 231:Src/stm32f0xx_hal_msp.c ****   {
 531              		.loc 1 231 0
 532 0016 0A4A     		ldr	r2, .L28+12
 533 0018 9342     		cmp	r3, r2
 534 001a FBD1     		bne	.L25
 237:Src/stm32f0xx_hal_msp.c ****   
 535              		.loc 1 237 0
 536 001c 0221     		movs	r1, #2
 243:Src/stm32f0xx_hal_msp.c **** 
 537              		.loc 1 243 0
 538 001e 9020     		movs	r0, #144
 539              	.LVL23:
 237:Src/stm32f0xx_hal_msp.c ****   
 540              		.loc 1 237 0
 541 0020 054A     		ldr	r2, .L28+4
 243:Src/stm32f0xx_hal_msp.c **** 
 542              		.loc 1 243 0
 543 0022 C005     		lsls	r0, r0, #23
 237:Src/stm32f0xx_hal_msp.c ****   
 544              		.loc 1 237 0
 545 0024 D369     		ldr	r3, [r2, #28]
 546 0026 8B43     		bics	r3, r1
 547 0028 D361     		str	r3, [r2, #28]
 243:Src/stm32f0xx_hal_msp.c **** 
 548              		.loc 1 243 0
 549 002a BE31     		adds	r1, r1, #190
 550 002c FFF7FEFF 		bl	HAL_GPIO_DeInit
 551              	.LVL24:
 552              		.loc 1 250 0
 553 0030 F0E7     		b	.L25
 554              	.L29:
 555 0032 C046     		.align	2
 556              	.L28:
 557 0034 002C0140 		.word	1073818624
 558 0038 00100240 		.word	1073876992
 559 003c FFF7FFFF 		.word	-2049
 560 0040 00040040 		.word	1073742848
 561              		.cfi_endproc
 562              	.LFE41:
 564              		.section	.text.HAL_UART_MspInit,"ax",%progbits
 565              		.align	1
 566              		.global	HAL_UART_MspInit
ARM GAS  /tmp/ccWFimGM.s 			page 16


 567              		.syntax unified
 568              		.code	16
 569              		.thumb_func
 570              		.fpu softvfp
 572              	HAL_UART_MspInit:
 573              	.LFB42:
 251:Src/stm32f0xx_hal_msp.c **** 
 252:Src/stm32f0xx_hal_msp.c **** void HAL_UART_MspInit(UART_HandleTypeDef* huart)
 253:Src/stm32f0xx_hal_msp.c **** {
 574              		.loc 1 253 0
 575              		.cfi_startproc
 576              		@ args = 0, pretend = 0, frame = 24
 577              		@ frame_needed = 0, uses_anonymous_args = 0
 578              	.LVL25:
 579 0000 7FB5     		push	{r0, r1, r2, r3, r4, r5, r6, lr}
 580              	.LCFI7:
 581              		.cfi_def_cfa_offset 32
 582              		.cfi_offset 0, -32
 583              		.cfi_offset 1, -28
 584              		.cfi_offset 2, -24
 585              		.cfi_offset 3, -20
 586              		.cfi_offset 4, -16
 587              		.cfi_offset 5, -12
 588              		.cfi_offset 6, -8
 589              		.cfi_offset 14, -4
 254:Src/stm32f0xx_hal_msp.c **** 
 255:Src/stm32f0xx_hal_msp.c ****   GPIO_InitTypeDef GPIO_InitStruct;
 256:Src/stm32f0xx_hal_msp.c ****   if(huart->Instance==USART1)
 590              		.loc 1 256 0
 591 0002 0F4B     		ldr	r3, .L32
 592 0004 0268     		ldr	r2, [r0]
 593 0006 9A42     		cmp	r2, r3
 594 0008 18D1     		bne	.L30
 595              	.LBB16:
 257:Src/stm32f0xx_hal_msp.c ****   {
 258:Src/stm32f0xx_hal_msp.c ****   /* USER CODE BEGIN USART1_MspInit 0 */
 259:Src/stm32f0xx_hal_msp.c **** 
 260:Src/stm32f0xx_hal_msp.c ****   /* USER CODE END USART1_MspInit 0 */
 261:Src/stm32f0xx_hal_msp.c ****     /* Peripheral clock enable */
 262:Src/stm32f0xx_hal_msp.c ****     __HAL_RCC_USART1_CLK_ENABLE();
 596              		.loc 1 262 0
 597 000a 8020     		movs	r0, #128
 598              	.LVL26:
 599 000c 0D4A     		ldr	r2, .L32+4
 600 000e C001     		lsls	r0, r0, #7
 601 0010 9169     		ldr	r1, [r2, #24]
 602 0012 0143     		orrs	r1, r0
 603 0014 9161     		str	r1, [r2, #24]
 604 0016 9369     		ldr	r3, [r2, #24]
 605              	.LBE16:
 263:Src/stm32f0xx_hal_msp.c ****   
 264:Src/stm32f0xx_hal_msp.c ****     /**USART1 GPIO Configuration    
 265:Src/stm32f0xx_hal_msp.c ****     PA2     ------> USART1_TX 
 266:Src/stm32f0xx_hal_msp.c ****     */
 267:Src/stm32f0xx_hal_msp.c ****     GPIO_InitStruct.Pin = GPIO_PIN_2;
 268:Src/stm32f0xx_hal_msp.c ****     GPIO_InitStruct.Mode = GPIO_MODE_AF_PP;
 269:Src/stm32f0xx_hal_msp.c ****     GPIO_InitStruct.Pull = GPIO_NOPULL;
ARM GAS  /tmp/ccWFimGM.s 			page 17


 270:Src/stm32f0xx_hal_msp.c ****     GPIO_InitStruct.Speed = GPIO_SPEED_FREQ_HIGH;
 271:Src/stm32f0xx_hal_msp.c ****     GPIO_InitStruct.Alternate = GPIO_AF1_USART1;
 272:Src/stm32f0xx_hal_msp.c ****     HAL_GPIO_Init(GPIOA, &GPIO_InitStruct);
 606              		.loc 1 272 0
 607 0018 01A9     		add	r1, sp, #4
 608              	.LBB17:
 262:Src/stm32f0xx_hal_msp.c ****   
 609              		.loc 1 262 0
 610 001a 0340     		ands	r3, r0
 611 001c 0093     		str	r3, [sp]
 612 001e 009B     		ldr	r3, [sp]
 613              	.LBE17:
 267:Src/stm32f0xx_hal_msp.c ****     GPIO_InitStruct.Mode = GPIO_MODE_AF_PP;
 614              		.loc 1 267 0
 615 0020 0423     		movs	r3, #4
 616 0022 0193     		str	r3, [sp, #4]
 268:Src/stm32f0xx_hal_msp.c ****     GPIO_InitStruct.Pull = GPIO_NOPULL;
 617              		.loc 1 268 0
 618 0024 023B     		subs	r3, r3, #2
 619 0026 0293     		str	r3, [sp, #8]
 269:Src/stm32f0xx_hal_msp.c ****     GPIO_InitStruct.Speed = GPIO_SPEED_FREQ_HIGH;
 620              		.loc 1 269 0
 621 0028 0023     		movs	r3, #0
 622              		.loc 1 272 0
 623 002a 9020     		movs	r0, #144
 269:Src/stm32f0xx_hal_msp.c ****     GPIO_InitStruct.Speed = GPIO_SPEED_FREQ_HIGH;
 624              		.loc 1 269 0
 625 002c 0393     		str	r3, [sp, #12]
 270:Src/stm32f0xx_hal_msp.c ****     GPIO_InitStruct.Alternate = GPIO_AF1_USART1;
 626              		.loc 1 270 0
 627 002e 0333     		adds	r3, r3, #3
 628 0030 0493     		str	r3, [sp, #16]
 629              		.loc 1 272 0
 630 0032 C005     		lsls	r0, r0, #23
 271:Src/stm32f0xx_hal_msp.c ****     HAL_GPIO_Init(GPIOA, &GPIO_InitStruct);
 631              		.loc 1 271 0
 632 0034 023B     		subs	r3, r3, #2
 633 0036 0593     		str	r3, [sp, #20]
 634              		.loc 1 272 0
 635 0038 FFF7FEFF 		bl	HAL_GPIO_Init
 636              	.LVL27:
 637              	.L30:
 273:Src/stm32f0xx_hal_msp.c **** 
 274:Src/stm32f0xx_hal_msp.c ****   /* USER CODE BEGIN USART1_MspInit 1 */
 275:Src/stm32f0xx_hal_msp.c **** 
 276:Src/stm32f0xx_hal_msp.c ****   /* USER CODE END USART1_MspInit 1 */
 277:Src/stm32f0xx_hal_msp.c ****   }
 278:Src/stm32f0xx_hal_msp.c **** 
 279:Src/stm32f0xx_hal_msp.c **** }
 638              		.loc 1 279 0
 639 003c 07B0     		add	sp, sp, #28
 640              		@ sp needed
 641 003e 00BD     		pop	{pc}
 642              	.L33:
 643              		.align	2
 644              	.L32:
 645 0040 00380140 		.word	1073821696
ARM GAS  /tmp/ccWFimGM.s 			page 18


 646 0044 00100240 		.word	1073876992
 647              		.cfi_endproc
 648              	.LFE42:
 650              		.section	.text.HAL_UART_MspDeInit,"ax",%progbits
 651              		.align	1
 652              		.global	HAL_UART_MspDeInit
 653              		.syntax unified
 654              		.code	16
 655              		.thumb_func
 656              		.fpu softvfp
 658              	HAL_UART_MspDeInit:
 659              	.LFB43:
 280:Src/stm32f0xx_hal_msp.c **** 
 281:Src/stm32f0xx_hal_msp.c **** void HAL_UART_MspDeInit(UART_HandleTypeDef* huart)
 282:Src/stm32f0xx_hal_msp.c **** {
 660              		.loc 1 282 0
 661              		.cfi_startproc
 662              		@ args = 0, pretend = 0, frame = 0
 663              		@ frame_needed = 0, uses_anonymous_args = 0
 664              	.LVL28:
 283:Src/stm32f0xx_hal_msp.c **** 
 284:Src/stm32f0xx_hal_msp.c ****   if(huart->Instance==USART1)
 665              		.loc 1 284 0
 666 0000 074B     		ldr	r3, .L36
 667 0002 0268     		ldr	r2, [r0]
 282:Src/stm32f0xx_hal_msp.c **** 
 668              		.loc 1 282 0
 669 0004 10B5     		push	{r4, lr}
 670              	.LCFI8:
 671              		.cfi_def_cfa_offset 8
 672              		.cfi_offset 4, -8
 673              		.cfi_offset 14, -4
 674              		.loc 1 284 0
 675 0006 9A42     		cmp	r2, r3
 676 0008 09D1     		bne	.L34
 285:Src/stm32f0xx_hal_msp.c ****   {
 286:Src/stm32f0xx_hal_msp.c ****   /* USER CODE BEGIN USART1_MspDeInit 0 */
 287:Src/stm32f0xx_hal_msp.c **** 
 288:Src/stm32f0xx_hal_msp.c ****   /* USER CODE END USART1_MspDeInit 0 */
 289:Src/stm32f0xx_hal_msp.c ****     /* Peripheral clock disable */
 290:Src/stm32f0xx_hal_msp.c ****     __HAL_RCC_USART1_CLK_DISABLE();
 291:Src/stm32f0xx_hal_msp.c ****   
 292:Src/stm32f0xx_hal_msp.c ****     /**USART1 GPIO Configuration    
 293:Src/stm32f0xx_hal_msp.c ****     PA2     ------> USART1_TX 
 294:Src/stm32f0xx_hal_msp.c ****     */
 295:Src/stm32f0xx_hal_msp.c ****     HAL_GPIO_DeInit(GPIOA, GPIO_PIN_2);
 677              		.loc 1 295 0
 678 000a 9020     		movs	r0, #144
 679              	.LVL29:
 290:Src/stm32f0xx_hal_msp.c ****   
 680              		.loc 1 290 0
 681 000c 054A     		ldr	r2, .L36+4
 682 000e 0649     		ldr	r1, .L36+8
 683 0010 9369     		ldr	r3, [r2, #24]
 684              		.loc 1 295 0
 685 0012 C005     		lsls	r0, r0, #23
 290:Src/stm32f0xx_hal_msp.c ****   
ARM GAS  /tmp/ccWFimGM.s 			page 19


 686              		.loc 1 290 0
 687 0014 0B40     		ands	r3, r1
 688 0016 9361     		str	r3, [r2, #24]
 689              		.loc 1 295 0
 690 0018 0421     		movs	r1, #4
 691 001a FFF7FEFF 		bl	HAL_GPIO_DeInit
 692              	.LVL30:
 693              	.L34:
 296:Src/stm32f0xx_hal_msp.c **** 
 297:Src/stm32f0xx_hal_msp.c ****   /* USER CODE BEGIN USART1_MspDeInit 1 */
 298:Src/stm32f0xx_hal_msp.c **** 
 299:Src/stm32f0xx_hal_msp.c ****   /* USER CODE END USART1_MspDeInit 1 */
 300:Src/stm32f0xx_hal_msp.c ****   }
 301:Src/stm32f0xx_hal_msp.c **** 
 302:Src/stm32f0xx_hal_msp.c **** }
 694              		.loc 1 302 0
 695              		@ sp needed
 696 001e 10BD     		pop	{r4, pc}
 697              	.L37:
 698              		.align	2
 699              	.L36:
 700 0020 00380140 		.word	1073821696
 701 0024 00100240 		.word	1073876992
 702 0028 FFBFFFFF 		.word	-16385
 703              		.cfi_endproc
 704              	.LFE43:
 706              		.text
 707              	.Letext0:
 708              		.file 2 "/home/arthurdent/Programs/gcc-arm-none-eabi-6-2017-q1-update/arm-none-eabi/include/machin
 709              		.file 3 "/home/arthurdent/Programs/gcc-arm-none-eabi-6-2017-q1-update/arm-none-eabi/include/sys/_s
 710              		.file 4 "Drivers/CMSIS/Device/ST/STM32F0xx/Include/system_stm32f0xx.h"
 711              		.file 5 "Drivers/CMSIS/Device/ST/STM32F0xx/Include/stm32f030x6.h"
 712              		.file 6 "/home/arthurdent/Programs/gcc-arm-none-eabi-6-2017-q1-update/arm-none-eabi/include/sys/lo
 713              		.file 7 "/home/arthurdent/Programs/gcc-arm-none-eabi-6-2017-q1-update/arm-none-eabi/include/sys/_t
 714              		.file 8 "/home/arthurdent/Programs/gcc-arm-none-eabi-6-2017-q1-update/lib/gcc/arm-none-eabi/6.3.1/
 715              		.file 9 "/home/arthurdent/Programs/gcc-arm-none-eabi-6-2017-q1-update/arm-none-eabi/include/sys/re
 716              		.file 10 "Drivers/STM32F0xx_HAL_Driver/Inc/stm32f0xx_hal_def.h"
 717              		.file 11 "Drivers/STM32F0xx_HAL_Driver/Inc/stm32f0xx_hal_gpio.h"
 718              		.file 12 "Drivers/STM32F0xx_HAL_Driver/Inc/stm32f0xx_hal_dma.h"
 719              		.file 13 "Drivers/STM32F0xx_HAL_Driver/Inc/stm32f0xx_hal_adc.h"
 720              		.file 14 "Drivers/STM32F0xx_HAL_Driver/Inc/stm32f0xx_hal_i2c.h"
 721              		.file 15 "Drivers/STM32F0xx_HAL_Driver/Inc/stm32f0xx_hal_tim.h"
 722              		.file 16 "Drivers/STM32F0xx_HAL_Driver/Inc/stm32f0xx_hal_uart.h"
 723              		.file 17 "Drivers/STM32F0xx_HAL_Driver/Inc/stm32f0xx_hal_cortex.h"
ARM GAS  /tmp/ccWFimGM.s 			page 20


DEFINED SYMBOLS
                            *ABS*:0000000000000000 stm32f0xx_hal_msp.c
     /tmp/ccWFimGM.s:16     .text.HAL_MspInit:0000000000000000 $t
     /tmp/ccWFimGM.s:23     .text.HAL_MspInit:0000000000000000 HAL_MspInit
     /tmp/ccWFimGM.s:91     .text.HAL_MspInit:0000000000000038 $d
     /tmp/ccWFimGM.s:96     .text.HAL_ADC_MspInit:0000000000000000 $t
     /tmp/ccWFimGM.s:103    .text.HAL_ADC_MspInit:0000000000000000 HAL_ADC_MspInit
     /tmp/ccWFimGM.s:170    .text.HAL_ADC_MspInit:0000000000000038 $d
     /tmp/ccWFimGM.s:176    .text.HAL_ADC_MspDeInit:0000000000000000 $t
     /tmp/ccWFimGM.s:183    .text.HAL_ADC_MspDeInit:0000000000000000 HAL_ADC_MspDeInit
     /tmp/ccWFimGM.s:225    .text.HAL_ADC_MspDeInit:0000000000000020 $d
     /tmp/ccWFimGM.s:232    .text.HAL_I2C_MspInit:0000000000000000 $t
     /tmp/ccWFimGM.s:239    .text.HAL_I2C_MspInit:0000000000000000 HAL_I2C_MspInit
     /tmp/ccWFimGM.s:311    .text.HAL_I2C_MspInit:0000000000000044 $d
     /tmp/ccWFimGM.s:317    .text.HAL_I2C_MspDeInit:0000000000000000 $t
     /tmp/ccWFimGM.s:324    .text.HAL_I2C_MspDeInit:0000000000000000 HAL_I2C_MspDeInit
     /tmp/ccWFimGM.s:368    .text.HAL_I2C_MspDeInit:0000000000000024 $d
     /tmp/ccWFimGM.s:375    .text.HAL_TIM_Base_MspInit:0000000000000000 $t
     /tmp/ccWFimGM.s:382    .text.HAL_TIM_Base_MspInit:0000000000000000 HAL_TIM_Base_MspInit
     /tmp/ccWFimGM.s:485    .text.HAL_TIM_Base_MspInit:0000000000000058 $d
     /tmp/ccWFimGM.s:492    .text.HAL_TIM_Base_MspDeInit:0000000000000000 $t
     /tmp/ccWFimGM.s:499    .text.HAL_TIM_Base_MspDeInit:0000000000000000 HAL_TIM_Base_MspDeInit
     /tmp/ccWFimGM.s:557    .text.HAL_TIM_Base_MspDeInit:0000000000000034 $d
     /tmp/ccWFimGM.s:565    .text.HAL_UART_MspInit:0000000000000000 $t
     /tmp/ccWFimGM.s:572    .text.HAL_UART_MspInit:0000000000000000 HAL_UART_MspInit
     /tmp/ccWFimGM.s:645    .text.HAL_UART_MspInit:0000000000000040 $d
     /tmp/ccWFimGM.s:651    .text.HAL_UART_MspDeInit:0000000000000000 $t
     /tmp/ccWFimGM.s:658    .text.HAL_UART_MspDeInit:0000000000000000 HAL_UART_MspDeInit
     /tmp/ccWFimGM.s:700    .text.HAL_UART_MspDeInit:0000000000000020 $d
                     .debug_frame:0000000000000010 $d

UNDEFINED SYMBOLS
HAL_NVIC_SetPriority
HAL_GPIO_Init
HAL_GPIO_DeInit
